INFO -  Checking System Description Files
INFO -   System description checker passed for R5350G6x8A30-PCIE-24GB
INFO -   System description checker passed for R5350G6x8A30-PCIE-24GB
INFO -   System description checker passed for R5300G6x8A30-PCIE-24GB
INFO -   System description checker passed for R4900G6x2A30-PCIE-24GB
INFO - ------------------------------
INFO -  Running compliance checks in dir /home/h3c/submission/results/R5350G6x10A30-PCIE-24GB/resnet
INFO -  System R5350G6x10A30-PCIE-24GB
INFO -  Benchmark resnet
INFO - ------------------------------
INFO - ------------------------------
INFO - Run 1/5
INFO - Running compliance on file: /home/h3c/submission/results/R5350G6x10A30-PCIE-24GB/resnet/result_1.txt
INFO -  Compliance checks: training_3.0.0/common.yaml
INFO -  Compliance checks: training_3.0.0/closed_common.yaml
INFO -  Compliance checks: training_3.0.0/closed_resnet.yaml
INFO -  Compliance checks: training_3.0.0/closed_resnet_lars.yaml
INFO - ------------------------------
INFO - Run 2/5
INFO - Running compliance on file: /home/h3c/submission/results/R5350G6x10A30-PCIE-24GB/resnet/result_2.txt
INFO -  Compliance checks: training_3.0.0/common.yaml
INFO -  Compliance checks: training_3.0.0/closed_common.yaml
INFO -  Compliance checks: training_3.0.0/closed_resnet.yaml
INFO -  Compliance checks: training_3.0.0/closed_resnet_lars.yaml
INFO - ------------------------------
INFO - Run 3/5
INFO - Running compliance on file: /home/h3c/submission/results/R5350G6x10A30-PCIE-24GB/resnet/result_3.txt
INFO -  Compliance checks: training_3.0.0/common.yaml
INFO -  Compliance checks: training_3.0.0/closed_common.yaml
INFO -  Compliance checks: training_3.0.0/closed_resnet.yaml
INFO -  Compliance checks: training_3.0.0/closed_resnet_lars.yaml
WARNING -  Failed checks for eval_accuracy : v['value'] >= 0.7590 and v['value'] < 1.0
INFO - ------------------------------
INFO - Run 4/5
INFO - Running compliance on file: /home/h3c/submission/results/R5350G6x10A30-PCIE-24GB/resnet/result_4.txt
INFO -  Compliance checks: training_3.0.0/common.yaml
INFO -  Compliance checks: training_3.0.0/closed_common.yaml
INFO -  Compliance checks: training_3.0.0/closed_resnet.yaml
INFO -  Compliance checks: training_3.0.0/closed_resnet_lars.yaml
INFO - ------------------------------
INFO - Run 5/5
INFO - Running compliance on file: /home/h3c/submission/results/R5350G6x10A30-PCIE-24GB/resnet/result_5.txt
INFO -  Compliance checks: training_3.0.0/common.yaml
INFO -  Compliance checks: training_3.0.0/closed_common.yaml
INFO -  Compliance checks: training_3.0.0/closed_resnet.yaml
INFO -  Compliance checks: training_3.0.0/closed_resnet_lars.yaml
WARNING -  1 file does not comply, accepting this under olympic scoring
INFO - ------------------------------
INFO -  Running Seed Checker
INFO - ------------------------------
INFO -  Running RCP Checker, pass: pruned_rcps
INFO - ------------------------------
WARNING -  Run incomplete or did not converge. Marking as infinite.
INFO -  RCP Record: {'Benchmark': 'resnet', 'BS': 2040, 'Hyperparams': {}, 'Epochs to converge': [], 'RCP Mean': 35.03846153846154, 'RCP Stdev': 0.8040550707552352, 'Max Speedup': 1.0278856889667876, 'Min Epochs': 34.087897043961746}
INFO -  Submission mean epochs: 36.0000
INFO - RCP Test Passed: RCP Interpolation
INFO - ------------------------------
INFO - ------------------------------
INFO -  Running compliance checks in dir /home/h3c/submission/results/R5350G6x10A30-PCIE-24GB/rnnt
INFO -  System R5350G6x10A30-PCIE-24GB
INFO -  Benchmark rnnt
INFO - ------------------------------
INFO - ------------------------------
INFO - Run 1/10
INFO - Running compliance on file: /home/h3c/submission/results/R5350G6x10A30-PCIE-24GB/rnnt/result_1.txt
INFO -  Compliance checks: training_3.0.0/common.yaml
INFO -  Compliance checks: training_3.0.0/closed_common.yaml
INFO -  Compliance checks: training_3.0.0/closed_rnnt.yaml
INFO - ------------------------------
INFO - Run 2/10
INFO - Running compliance on file: /home/h3c/submission/results/R5350G6x10A30-PCIE-24GB/rnnt/result_10.txt
INFO -  Compliance checks: training_3.0.0/common.yaml
INFO -  Compliance checks: training_3.0.0/closed_common.yaml
INFO -  Compliance checks: training_3.0.0/closed_rnnt.yaml
INFO - ------------------------------
INFO - Run 3/10
INFO - Running compliance on file: /home/h3c/submission/results/R5350G6x10A30-PCIE-24GB/rnnt/result_2.txt
INFO -  Compliance checks: training_3.0.0/common.yaml
INFO -  Compliance checks: training_3.0.0/closed_common.yaml
INFO -  Compliance checks: training_3.0.0/closed_rnnt.yaml
INFO - ------------------------------
INFO - Run 4/10
INFO - Running compliance on file: /home/h3c/submission/results/R5350G6x10A30-PCIE-24GB/rnnt/result_3.txt
INFO -  Compliance checks: training_3.0.0/common.yaml
INFO -  Compliance checks: training_3.0.0/closed_common.yaml
INFO -  Compliance checks: training_3.0.0/closed_rnnt.yaml
INFO - ------------------------------
INFO - Run 5/10
INFO - Running compliance on file: /home/h3c/submission/results/R5350G6x10A30-PCIE-24GB/rnnt/result_4.txt
INFO -  Compliance checks: training_3.0.0/common.yaml
INFO -  Compliance checks: training_3.0.0/closed_common.yaml
INFO -  Compliance checks: training_3.0.0/closed_rnnt.yaml
INFO - ------------------------------
INFO - Run 6/10
INFO - Running compliance on file: /home/h3c/submission/results/R5350G6x10A30-PCIE-24GB/rnnt/result_5.txt
INFO -  Compliance checks: training_3.0.0/common.yaml
INFO -  Compliance checks: training_3.0.0/closed_common.yaml
INFO -  Compliance checks: training_3.0.0/closed_rnnt.yaml
INFO - ------------------------------
INFO - Run 7/10
INFO - Running compliance on file: /home/h3c/submission/results/R5350G6x10A30-PCIE-24GB/rnnt/result_6.txt
INFO -  Compliance checks: training_3.0.0/common.yaml
INFO -  Compliance checks: training_3.0.0/closed_common.yaml
INFO -  Compliance checks: training_3.0.0/closed_rnnt.yaml
INFO - ------------------------------
INFO - Run 8/10
INFO - Running compliance on file: /home/h3c/submission/results/R5350G6x10A30-PCIE-24GB/rnnt/result_7.txt
INFO -  Compliance checks: training_3.0.0/common.yaml
INFO -  Compliance checks: training_3.0.0/closed_common.yaml
INFO -  Compliance checks: training_3.0.0/closed_rnnt.yaml
INFO - ------------------------------
INFO - Run 9/10
INFO - Running compliance on file: /home/h3c/submission/results/R5350G6x10A30-PCIE-24GB/rnnt/result_8.txt
INFO -  Compliance checks: training_3.0.0/common.yaml
INFO -  Compliance checks: training_3.0.0/closed_common.yaml
INFO -  Compliance checks: training_3.0.0/closed_rnnt.yaml
INFO - ------------------------------
INFO - Run 10/10
INFO - Running compliance on file: /home/h3c/submission/results/R5350G6x10A30-PCIE-24GB/rnnt/result_9.txt
INFO -  Compliance checks: training_3.0.0/common.yaml
INFO -  Compliance checks: training_3.0.0/closed_common.yaml
INFO -  Compliance checks: training_3.0.0/closed_rnnt.yaml
INFO - ------------------------------
INFO -  Running Seed Checker
INFO - ------------------------------
INFO -  Running RCP Checker, pass: pruned_rcps
INFO - ------------------------------
INFO -  RCP Record: {'Benchmark': 'rnnt', 'BS': 2560, 'Hyperparams': {}, 'Epochs to converge': [], 'RCP Mean': 59.25925925925926, 'RCP Stdev': 2.0448421121284044, 'Max Speedup': 1.0252420045963884, 'Min Epochs': 57.80026471173322}
INFO -  Submission mean epochs: 63.0000
INFO - RCP Test Passed: RCP Interpolation
INFO - ------------------------------
INFO - ------------------------------
INFO -  Running compliance checks in dir /home/h3c/submission/results/R5350G6x10A30-PCIE-24GB/ssd
INFO -  System R5350G6x10A30-PCIE-24GB
INFO -  Benchmark ssd
INFO - ------------------------------
INFO - ------------------------------
INFO - Run 1/5
INFO - Running compliance on file: /home/h3c/submission/results/R5350G6x10A30-PCIE-24GB/ssd/result_1.txt
INFO -  Compliance checks: training_3.0.0/common.yaml
INFO -  Compliance checks: training_3.0.0/closed_common.yaml
INFO -  Compliance checks: training_3.0.0/closed_ssd.yaml
INFO - ------------------------------
INFO - Run 2/5
INFO - Running compliance on file: /home/h3c/submission/results/R5350G6x10A30-PCIE-24GB/ssd/result_2.txt
INFO -  Compliance checks: training_3.0.0/common.yaml
INFO -  Compliance checks: training_3.0.0/closed_common.yaml
INFO -  Compliance checks: training_3.0.0/closed_ssd.yaml
INFO - ------------------------------
INFO - Run 3/5
INFO - Running compliance on file: /home/h3c/submission/results/R5350G6x10A30-PCIE-24GB/ssd/result_3.txt
INFO -  Compliance checks: training_3.0.0/common.yaml
INFO -  Compliance checks: training_3.0.0/closed_common.yaml
INFO -  Compliance checks: training_3.0.0/closed_ssd.yaml
INFO - ------------------------------
INFO - Run 4/5
INFO - Running compliance on file: /home/h3c/submission/results/R5350G6x10A30-PCIE-24GB/ssd/result_4.txt
INFO -  Compliance checks: training_3.0.0/common.yaml
INFO -  Compliance checks: training_3.0.0/closed_common.yaml
INFO -  Compliance checks: training_3.0.0/closed_ssd.yaml
INFO - ------------------------------
INFO - Run 5/5
INFO - Running compliance on file: /home/h3c/submission/results/R5350G6x10A30-PCIE-24GB/ssd/result_5.txt
INFO -  Compliance checks: training_3.0.0/common.yaml
INFO -  Compliance checks: training_3.0.0/closed_common.yaml
INFO -  Compliance checks: training_3.0.0/closed_ssd.yaml
INFO - ------------------------------
INFO -  Running Seed Checker
INFO - ------------------------------
INFO -  Running RCP Checker, pass: pruned_rcps
INFO - ------------------------------
INFO -  RCP Record: {'Benchmark': 'ssd', 'BS': 256, 'Hyperparams': {'opt_base_learning_rate': 0.0001, 'opt_learning_rate_warmup_factor': 0.001, 'opt_learning_rate_warmup_epochs': 1, 'opt_weight_decay': 0}, 'Epochs to converge': [4, 4, 4, 4, 4, 4, 4, 4, 4, 4, 4, 4, 4, 4, 4, 4, 4, 4, 4, 4], 'RCP Mean': 4.0, 'RCP Stdev': 0.0, 'Max Speedup': 1.0, 'Min Epochs': 4.0}
INFO -  Submission mean epochs: 4.0000
INFO - RCP Test Passed: RCP not found but slower convergence on smaller batch size
INFO - ------------------------------
INFO - ------------------------------
INFO -  Running compliance checks in dir /home/h3c/submission/results/R5300G6x8A30-PCIE-24GB/unet3d
INFO -  System R5300G6x8A30-PCIE-24GB
INFO -  Benchmark unet3d
INFO - ------------------------------
INFO - ------------------------------
INFO - Run 1/40
INFO - Running compliance on file: /home/h3c/submission/results/R5300G6x8A30-PCIE-24GB/unet3d/result_1.txt
INFO -  Compliance checks: training_3.0.0/common.yaml
INFO -  Compliance checks: training_3.0.0/closed_common.yaml
INFO -  Compliance checks: training_3.0.0/closed_unet3d.yaml
INFO - ------------------------------
INFO - Run 2/40
INFO - Running compliance on file: /home/h3c/submission/results/R5300G6x8A30-PCIE-24GB/unet3d/result_10.txt
INFO -  Compliance checks: training_3.0.0/common.yaml
INFO -  Compliance checks: training_3.0.0/closed_common.yaml
INFO -  Compliance checks: training_3.0.0/closed_unet3d.yaml
INFO - ------------------------------
INFO - Run 3/40
INFO - Running compliance on file: /home/h3c/submission/results/R5300G6x8A30-PCIE-24GB/unet3d/result_11.txt
INFO -  Compliance checks: training_3.0.0/common.yaml
INFO -  Compliance checks: training_3.0.0/closed_common.yaml
INFO -  Compliance checks: training_3.0.0/closed_unet3d.yaml
INFO - ------------------------------
INFO - Run 4/40
INFO - Running compliance on file: /home/h3c/submission/results/R5300G6x8A30-PCIE-24GB/unet3d/result_12.txt
INFO -  Compliance checks: training_3.0.0/common.yaml
INFO -  Compliance checks: training_3.0.0/closed_common.yaml
INFO -  Compliance checks: training_3.0.0/closed_unet3d.yaml
INFO - ------------------------------
INFO - Run 5/40
INFO - Running compliance on file: /home/h3c/submission/results/R5300G6x8A30-PCIE-24GB/unet3d/result_13.txt
INFO -  Compliance checks: training_3.0.0/common.yaml
INFO -  Compliance checks: training_3.0.0/closed_common.yaml
INFO -  Compliance checks: training_3.0.0/closed_unet3d.yaml
INFO - ------------------------------
INFO - Run 6/40
INFO - Running compliance on file: /home/h3c/submission/results/R5300G6x8A30-PCIE-24GB/unet3d/result_14.txt
INFO -  Compliance checks: training_3.0.0/common.yaml
INFO -  Compliance checks: training_3.0.0/closed_common.yaml
INFO -  Compliance checks: training_3.0.0/closed_unet3d.yaml
INFO - ------------------------------
INFO - Run 7/40
INFO - Running compliance on file: /home/h3c/submission/results/R5300G6x8A30-PCIE-24GB/unet3d/result_15.txt
INFO -  Compliance checks: training_3.0.0/common.yaml
INFO -  Compliance checks: training_3.0.0/closed_common.yaml
INFO -  Compliance checks: training_3.0.0/closed_unet3d.yaml
INFO - ------------------------------
INFO - Run 8/40
INFO - Running compliance on file: /home/h3c/submission/results/R5300G6x8A30-PCIE-24GB/unet3d/result_16.txt
INFO -  Compliance checks: training_3.0.0/common.yaml
INFO -  Compliance checks: training_3.0.0/closed_common.yaml
INFO -  Compliance checks: training_3.0.0/closed_unet3d.yaml
INFO - ------------------------------
INFO - Run 9/40
INFO - Running compliance on file: /home/h3c/submission/results/R5300G6x8A30-PCIE-24GB/unet3d/result_17.txt
INFO -  Compliance checks: training_3.0.0/common.yaml
INFO -  Compliance checks: training_3.0.0/closed_common.yaml
INFO -  Compliance checks: training_3.0.0/closed_unet3d.yaml
INFO - ------------------------------
INFO - Run 10/40
INFO - Running compliance on file: /home/h3c/submission/results/R5300G6x8A30-PCIE-24GB/unet3d/result_18.txt
INFO -  Compliance checks: training_3.0.0/common.yaml
INFO -  Compliance checks: training_3.0.0/closed_common.yaml
INFO -  Compliance checks: training_3.0.0/closed_unet3d.yaml
INFO - ------------------------------
INFO - Run 11/40
INFO - Running compliance on file: /home/h3c/submission/results/R5300G6x8A30-PCIE-24GB/unet3d/result_19.txt
INFO -  Compliance checks: training_3.0.0/common.yaml
INFO -  Compliance checks: training_3.0.0/closed_common.yaml
INFO -  Compliance checks: training_3.0.0/closed_unet3d.yaml
INFO - ------------------------------
INFO - Run 12/40
INFO - Running compliance on file: /home/h3c/submission/results/R5300G6x8A30-PCIE-24GB/unet3d/result_2.txt
INFO -  Compliance checks: training_3.0.0/common.yaml
INFO -  Compliance checks: training_3.0.0/closed_common.yaml
INFO -  Compliance checks: training_3.0.0/closed_unet3d.yaml
INFO - ------------------------------
INFO - Run 13/40
INFO - Running compliance on file: /home/h3c/submission/results/R5300G6x8A30-PCIE-24GB/unet3d/result_20.txt
INFO -  Compliance checks: training_3.0.0/common.yaml
INFO -  Compliance checks: training_3.0.0/closed_common.yaml
INFO -  Compliance checks: training_3.0.0/closed_unet3d.yaml
INFO - ------------------------------
INFO - Run 14/40
INFO - Running compliance on file: /home/h3c/submission/results/R5300G6x8A30-PCIE-24GB/unet3d/result_21.txt
INFO -  Compliance checks: training_3.0.0/common.yaml
INFO -  Compliance checks: training_3.0.0/closed_common.yaml
INFO -  Compliance checks: training_3.0.0/closed_unet3d.yaml
INFO - ------------------------------
INFO - Run 15/40
INFO - Running compliance on file: /home/h3c/submission/results/R5300G6x8A30-PCIE-24GB/unet3d/result_22.txt
INFO -  Compliance checks: training_3.0.0/common.yaml
INFO -  Compliance checks: training_3.0.0/closed_common.yaml
INFO -  Compliance checks: training_3.0.0/closed_unet3d.yaml
INFO - ------------------------------
INFO - Run 16/40
INFO - Running compliance on file: /home/h3c/submission/results/R5300G6x8A30-PCIE-24GB/unet3d/result_23.txt
INFO -  Compliance checks: training_3.0.0/common.yaml
INFO -  Compliance checks: training_3.0.0/closed_common.yaml
INFO -  Compliance checks: training_3.0.0/closed_unet3d.yaml
INFO - ------------------------------
INFO - Run 17/40
INFO - Running compliance on file: /home/h3c/submission/results/R5300G6x8A30-PCIE-24GB/unet3d/result_24.txt
INFO -  Compliance checks: training_3.0.0/common.yaml
INFO -  Compliance checks: training_3.0.0/closed_common.yaml
INFO -  Compliance checks: training_3.0.0/closed_unet3d.yaml
INFO - ------------------------------
INFO - Run 18/40
INFO - Running compliance on file: /home/h3c/submission/results/R5300G6x8A30-PCIE-24GB/unet3d/result_25.txt
INFO -  Compliance checks: training_3.0.0/common.yaml
INFO -  Compliance checks: training_3.0.0/closed_common.yaml
INFO -  Compliance checks: training_3.0.0/closed_unet3d.yaml
INFO - ------------------------------
INFO - Run 19/40
INFO - Running compliance on file: /home/h3c/submission/results/R5300G6x8A30-PCIE-24GB/unet3d/result_26.txt
INFO -  Compliance checks: training_3.0.0/common.yaml
INFO -  Compliance checks: training_3.0.0/closed_common.yaml
INFO -  Compliance checks: training_3.0.0/closed_unet3d.yaml
INFO - ------------------------------
INFO - Run 20/40
INFO - Running compliance on file: /home/h3c/submission/results/R5300G6x8A30-PCIE-24GB/unet3d/result_27.txt
INFO -  Compliance checks: training_3.0.0/common.yaml
INFO -  Compliance checks: training_3.0.0/closed_common.yaml
INFO -  Compliance checks: training_3.0.0/closed_unet3d.yaml
INFO - ------------------------------
INFO - Run 21/40
INFO - Running compliance on file: /home/h3c/submission/results/R5300G6x8A30-PCIE-24GB/unet3d/result_28.txt
INFO -  Compliance checks: training_3.0.0/common.yaml
INFO -  Compliance checks: training_3.0.0/closed_common.yaml
INFO -  Compliance checks: training_3.0.0/closed_unet3d.yaml
INFO - ------------------------------
INFO - Run 22/40
INFO - Running compliance on file: /home/h3c/submission/results/R5300G6x8A30-PCIE-24GB/unet3d/result_29.txt
INFO -  Compliance checks: training_3.0.0/common.yaml
INFO -  Compliance checks: training_3.0.0/closed_common.yaml
INFO -  Compliance checks: training_3.0.0/closed_unet3d.yaml
INFO - ------------------------------
INFO - Run 23/40
INFO - Running compliance on file: /home/h3c/submission/results/R5300G6x8A30-PCIE-24GB/unet3d/result_3.txt
INFO -  Compliance checks: training_3.0.0/common.yaml
INFO -  Compliance checks: training_3.0.0/closed_common.yaml
INFO -  Compliance checks: training_3.0.0/closed_unet3d.yaml
INFO - ------------------------------
INFO - Run 24/40
INFO - Running compliance on file: /home/h3c/submission/results/R5300G6x8A30-PCIE-24GB/unet3d/result_30.txt
INFO -  Compliance checks: training_3.0.0/common.yaml
INFO -  Compliance checks: training_3.0.0/closed_common.yaml
INFO -  Compliance checks: training_3.0.0/closed_unet3d.yaml
INFO - ------------------------------
INFO - Run 25/40
INFO - Running compliance on file: /home/h3c/submission/results/R5300G6x8A30-PCIE-24GB/unet3d/result_31.txt
INFO -  Compliance checks: training_3.0.0/common.yaml
INFO -  Compliance checks: training_3.0.0/closed_common.yaml
INFO -  Compliance checks: training_3.0.0/closed_unet3d.yaml
INFO - ------------------------------
INFO - Run 26/40
INFO - Running compliance on file: /home/h3c/submission/results/R5300G6x8A30-PCIE-24GB/unet3d/result_32.txt
INFO -  Compliance checks: training_3.0.0/common.yaml
INFO -  Compliance checks: training_3.0.0/closed_common.yaml
INFO -  Compliance checks: training_3.0.0/closed_unet3d.yaml
INFO - ------------------------------
INFO - Run 27/40
INFO - Running compliance on file: /home/h3c/submission/results/R5300G6x8A30-PCIE-24GB/unet3d/result_33.txt
INFO -  Compliance checks: training_3.0.0/common.yaml
INFO -  Compliance checks: training_3.0.0/closed_common.yaml
INFO -  Compliance checks: training_3.0.0/closed_unet3d.yaml
INFO - ------------------------------
INFO - Run 28/40
INFO - Running compliance on file: /home/h3c/submission/results/R5300G6x8A30-PCIE-24GB/unet3d/result_34.txt
INFO -  Compliance checks: training_3.0.0/common.yaml
INFO -  Compliance checks: training_3.0.0/closed_common.yaml
INFO -  Compliance checks: training_3.0.0/closed_unet3d.yaml
INFO - ------------------------------
INFO - Run 29/40
INFO - Running compliance on file: /home/h3c/submission/results/R5300G6x8A30-PCIE-24GB/unet3d/result_35.txt
INFO -  Compliance checks: training_3.0.0/common.yaml
INFO -  Compliance checks: training_3.0.0/closed_common.yaml
INFO -  Compliance checks: training_3.0.0/closed_unet3d.yaml
INFO - ------------------------------
INFO - Run 30/40
INFO - Running compliance on file: /home/h3c/submission/results/R5300G6x8A30-PCIE-24GB/unet3d/result_36.txt
INFO -  Compliance checks: training_3.0.0/common.yaml
INFO -  Compliance checks: training_3.0.0/closed_common.yaml
INFO -  Compliance checks: training_3.0.0/closed_unet3d.yaml
INFO - ------------------------------
INFO - Run 31/40
INFO - Running compliance on file: /home/h3c/submission/results/R5300G6x8A30-PCIE-24GB/unet3d/result_37.txt
INFO -  Compliance checks: training_3.0.0/common.yaml
INFO -  Compliance checks: training_3.0.0/closed_common.yaml
INFO -  Compliance checks: training_3.0.0/closed_unet3d.yaml
INFO - ------------------------------
INFO - Run 32/40
INFO - Running compliance on file: /home/h3c/submission/results/R5300G6x8A30-PCIE-24GB/unet3d/result_38.txt
INFO -  Compliance checks: training_3.0.0/common.yaml
INFO -  Compliance checks: training_3.0.0/closed_common.yaml
INFO -  Compliance checks: training_3.0.0/closed_unet3d.yaml
INFO - ------------------------------
INFO - Run 33/40
INFO - Running compliance on file: /home/h3c/submission/results/R5300G6x8A30-PCIE-24GB/unet3d/result_39.txt
INFO -  Compliance checks: training_3.0.0/common.yaml
INFO -  Compliance checks: training_3.0.0/closed_common.yaml
INFO -  Compliance checks: training_3.0.0/closed_unet3d.yaml
INFO - ------------------------------
INFO - Run 34/40
INFO - Running compliance on file: /home/h3c/submission/results/R5300G6x8A30-PCIE-24GB/unet3d/result_4.txt
INFO -  Compliance checks: training_3.0.0/common.yaml
INFO -  Compliance checks: training_3.0.0/closed_common.yaml
INFO -  Compliance checks: training_3.0.0/closed_unet3d.yaml
INFO - ------------------------------
INFO - Run 35/40
INFO - Running compliance on file: /home/h3c/submission/results/R5300G6x8A30-PCIE-24GB/unet3d/result_40.txt
INFO -  Compliance checks: training_3.0.0/common.yaml
INFO -  Compliance checks: training_3.0.0/closed_common.yaml
INFO -  Compliance checks: training_3.0.0/closed_unet3d.yaml
INFO - ------------------------------
INFO - Run 36/40
INFO - Running compliance on file: /home/h3c/submission/results/R5300G6x8A30-PCIE-24GB/unet3d/result_5.txt
INFO -  Compliance checks: training_3.0.0/common.yaml
INFO -  Compliance checks: training_3.0.0/closed_common.yaml
INFO -  Compliance checks: training_3.0.0/closed_unet3d.yaml
INFO - ------------------------------
INFO - Run 37/40
INFO - Running compliance on file: /home/h3c/submission/results/R5300G6x8A30-PCIE-24GB/unet3d/result_6.txt
INFO -  Compliance checks: training_3.0.0/common.yaml
INFO -  Compliance checks: training_3.0.0/closed_common.yaml
INFO -  Compliance checks: training_3.0.0/closed_unet3d.yaml
INFO - ------------------------------
INFO - Run 38/40
INFO - Running compliance on file: /home/h3c/submission/results/R5300G6x8A30-PCIE-24GB/unet3d/result_7.txt
INFO -  Compliance checks: training_3.0.0/common.yaml
INFO -  Compliance checks: training_3.0.0/closed_common.yaml
INFO -  Compliance checks: training_3.0.0/closed_unet3d.yaml
INFO - ------------------------------
INFO - Run 39/40
INFO - Running compliance on file: /home/h3c/submission/results/R5300G6x8A30-PCIE-24GB/unet3d/result_8.txt
INFO -  Compliance checks: training_3.0.0/common.yaml
INFO -  Compliance checks: training_3.0.0/closed_common.yaml
INFO -  Compliance checks: training_3.0.0/closed_unet3d.yaml
WARNING -  Failed checks for eval_accuracy :  v['value'] >= 0.908
INFO - ------------------------------
INFO - Run 40/40
INFO - Running compliance on file: /home/h3c/submission/results/R5300G6x8A30-PCIE-24GB/unet3d/result_9.txt
INFO -  Compliance checks: training_3.0.0/common.yaml
INFO -  Compliance checks: training_3.0.0/closed_common.yaml
INFO -  Compliance checks: training_3.0.0/closed_unet3d.yaml
WARNING -  1 files do not comply, accepting this under olympic scoring
INFO - ------------------------------
INFO -  Running Seed Checker
INFO - ------------------------------
INFO -  Running RCP Checker, pass: pruned_rcps
INFO - ------------------------------
WARNING -  Run incomplete or did not converge. Marking as infinite.
INFO -  RCP Record: {'Benchmark': 'unet3d', 'BS': 80, 'Hyperparams': {'opt_base_learning_rate': 1.5, 'opt_momentum': 0.9, 'opt_learning_rate_warmup_epochs': 1000, 'opt_initial_learning_rate': 0.0001, 'opt_learning_rate_decay_boundary_epochs': [], 'opt_learning_rate_decay_factor': 1.0, 'opt_weight_decay': 0.0}, 'Epochs to converge': [1148, 1148, 1162, 1176, 1260, 1274, 1288, 1288, 1302, 1302, 1330, 1330, 1344, 1344, 1344, 1372, 1372, 1372, 1386, 1400, 1400, 1400, 1414, 1428, 1428, 1442, 1442, 1456, 1470, 1470, 1484, 1484, 1484, 1498, 1498, 1512, 1512, 1540, 1540, 1540, 1540, 1540, 1582, 1582, 1582, 1582, 1596, 1680, 1680, 1694, 1694, 1708, 1708, 1708, 1736, 1764, 1792, 1792, 1806, 1820, 1834, 1848, 1862, 1862, 1862, 1876, 1918, 1918, 1960, 1988, 2002, 2002, 2002, 2016, 2086, 2100, 2226, 2226, 2450, 2492], 'RCP Mean': 1603.7777777777778, 'RCP Stdev': 231.29311743508387, 'Max Speedup': 1.050393870717319, 'Min Epochs': 1526.8346688681174}
INFO -  Submission mean epochs: 2869.3750
INFO - RCP Test Passed: RCP not found but slower convergence on smaller batch size
INFO - ------------------------------
INFO - ------------------------------
INFO -  Running compliance checks in dir /home/h3c/submission/results/R5300G6x8A30-PCIE-24GB/resnet
INFO -  System R5300G6x8A30-PCIE-24GB
INFO -  Benchmark resnet
INFO - ------------------------------
INFO - ------------------------------
INFO - Run 1/5
INFO - Running compliance on file: /home/h3c/submission/results/R5300G6x8A30-PCIE-24GB/resnet/result_1.txt
INFO -  Compliance checks: training_3.0.0/common.yaml
INFO -  Compliance checks: training_3.0.0/closed_common.yaml
INFO -  Compliance checks: training_3.0.0/closed_resnet.yaml
INFO -  Compliance checks: training_3.0.0/closed_resnet_lars.yaml
INFO - ------------------------------
INFO - Run 2/5
INFO - Running compliance on file: /home/h3c/submission/results/R5300G6x8A30-PCIE-24GB/resnet/result_2.txt
INFO -  Compliance checks: training_3.0.0/common.yaml
INFO -  Compliance checks: training_3.0.0/closed_common.yaml
INFO -  Compliance checks: training_3.0.0/closed_resnet.yaml
INFO -  Compliance checks: training_3.0.0/closed_resnet_lars.yaml
INFO - ------------------------------
INFO - Run 3/5
INFO - Running compliance on file: /home/h3c/submission/results/R5300G6x8A30-PCIE-24GB/resnet/result_3.txt
INFO -  Compliance checks: training_3.0.0/common.yaml
INFO -  Compliance checks: training_3.0.0/closed_common.yaml
INFO -  Compliance checks: training_3.0.0/closed_resnet.yaml
INFO -  Compliance checks: training_3.0.0/closed_resnet_lars.yaml
INFO - ------------------------------
INFO - Run 4/5
INFO - Running compliance on file: /home/h3c/submission/results/R5300G6x8A30-PCIE-24GB/resnet/result_4.txt
INFO -  Compliance checks: training_3.0.0/common.yaml
INFO -  Compliance checks: training_3.0.0/closed_common.yaml
INFO -  Compliance checks: training_3.0.0/closed_resnet.yaml
INFO -  Compliance checks: training_3.0.0/closed_resnet_lars.yaml
INFO - ------------------------------
INFO - Run 5/5
INFO - Running compliance on file: /home/h3c/submission/results/R5300G6x8A30-PCIE-24GB/resnet/result_5.txt
INFO -  Compliance checks: training_3.0.0/common.yaml
INFO -  Compliance checks: training_3.0.0/closed_common.yaml
INFO -  Compliance checks: training_3.0.0/closed_resnet.yaml
INFO -  Compliance checks: training_3.0.0/closed_resnet_lars.yaml
WARNING -  Failed checks for eval_accuracy : v['value'] >= 0.7590 and v['value'] < 1.0
WARNING -  1 file does not comply, accepting this under olympic scoring
INFO - ------------------------------
INFO -  Running Seed Checker
INFO - ------------------------------
INFO -  Running RCP Checker, pass: pruned_rcps
INFO - ------------------------------
WARNING -  Run incomplete or did not converge. Marking as infinite.
INFO -  RCP Record: {'Benchmark': 'resnet', 'BS': 1632, 'Hyperparams': {'optimizer': 'lars', 'opt_base_learning_rate': 7.4, 'opt_learning_rate_warmup_epochs': 2, 'opt_momentum': 0.9, 'opt_weight_decay': 5e-05, 'opt_learning_rate_decay_steps': 27476, 'model_bn_span': 204}, 'Epochs to converge': [33, 34, 34, 34, 34, 35, 35, 35, 35, 35, 35, 35, 35, 35, 37, 37, 37], 'RCP Mean': 35.0, 'RCP Stdev': 0.8944271909999159, 'Max Speedup': 1.029037661913253, 'Min Epochs': 34.01236057281494}
INFO -  Submission mean epochs: 36.0000
INFO - RCP Test Passed: RCP found
INFO - ------------------------------
INFO - ------------------------------
INFO -  Running compliance checks in dir /home/h3c/submission/results/R5300G6x8A30-PCIE-24GB/rnnt
INFO -  System R5300G6x8A30-PCIE-24GB
INFO -  Benchmark rnnt
INFO - ------------------------------
INFO - ------------------------------
INFO - Run 1/10
INFO - Running compliance on file: /home/h3c/submission/results/R5300G6x8A30-PCIE-24GB/rnnt/result_1.txt
INFO -  Compliance checks: training_3.0.0/common.yaml
INFO -  Compliance checks: training_3.0.0/closed_common.yaml
INFO -  Compliance checks: training_3.0.0/closed_rnnt.yaml
INFO - ------------------------------
INFO - Run 2/10
INFO - Running compliance on file: /home/h3c/submission/results/R5300G6x8A30-PCIE-24GB/rnnt/result_10.txt
INFO -  Compliance checks: training_3.0.0/common.yaml
INFO -  Compliance checks: training_3.0.0/closed_common.yaml
INFO -  Compliance checks: training_3.0.0/closed_rnnt.yaml
INFO - ------------------------------
INFO - Run 3/10
INFO - Running compliance on file: /home/h3c/submission/results/R5300G6x8A30-PCIE-24GB/rnnt/result_2.txt
INFO -  Compliance checks: training_3.0.0/common.yaml
INFO -  Compliance checks: training_3.0.0/closed_common.yaml
INFO -  Compliance checks: training_3.0.0/closed_rnnt.yaml
INFO - ------------------------------
INFO - Run 4/10
INFO - Running compliance on file: /home/h3c/submission/results/R5300G6x8A30-PCIE-24GB/rnnt/result_3.txt
INFO -  Compliance checks: training_3.0.0/common.yaml
INFO -  Compliance checks: training_3.0.0/closed_common.yaml
INFO -  Compliance checks: training_3.0.0/closed_rnnt.yaml
INFO - ------------------------------
INFO - Run 5/10
INFO - Running compliance on file: /home/h3c/submission/results/R5300G6x8A30-PCIE-24GB/rnnt/result_4.txt
INFO -  Compliance checks: training_3.0.0/common.yaml
INFO -  Compliance checks: training_3.0.0/closed_common.yaml
INFO -  Compliance checks: training_3.0.0/closed_rnnt.yaml
INFO - ------------------------------
INFO - Run 6/10
INFO - Running compliance on file: /home/h3c/submission/results/R5300G6x8A30-PCIE-24GB/rnnt/result_5.txt
INFO -  Compliance checks: training_3.0.0/common.yaml
INFO -  Compliance checks: training_3.0.0/closed_common.yaml
INFO -  Compliance checks: training_3.0.0/closed_rnnt.yaml
INFO - ------------------------------
INFO - Run 7/10
INFO - Running compliance on file: /home/h3c/submission/results/R5300G6x8A30-PCIE-24GB/rnnt/result_6.txt
INFO -  Compliance checks: training_3.0.0/common.yaml
INFO -  Compliance checks: training_3.0.0/closed_common.yaml
INFO -  Compliance checks: training_3.0.0/closed_rnnt.yaml
INFO - ------------------------------
INFO - Run 8/10
INFO - Running compliance on file: /home/h3c/submission/results/R5300G6x8A30-PCIE-24GB/rnnt/result_7.txt
INFO -  Compliance checks: training_3.0.0/common.yaml
INFO -  Compliance checks: training_3.0.0/closed_common.yaml
INFO -  Compliance checks: training_3.0.0/closed_rnnt.yaml
INFO - ------------------------------
INFO - Run 9/10
INFO - Running compliance on file: /home/h3c/submission/results/R5300G6x8A30-PCIE-24GB/rnnt/result_8.txt
INFO -  Compliance checks: training_3.0.0/common.yaml
INFO -  Compliance checks: training_3.0.0/closed_common.yaml
INFO -  Compliance checks: training_3.0.0/closed_rnnt.yaml
INFO - ------------------------------
INFO - Run 10/10
INFO - Running compliance on file: /home/h3c/submission/results/R5300G6x8A30-PCIE-24GB/rnnt/result_9.txt
INFO -  Compliance checks: training_3.0.0/common.yaml
INFO -  Compliance checks: training_3.0.0/closed_common.yaml
INFO -  Compliance checks: training_3.0.0/closed_rnnt.yaml
INFO - ------------------------------
INFO -  Running Seed Checker
INFO - ------------------------------
INFO -  Running RCP Checker, pass: pruned_rcps
INFO - ------------------------------
INFO -  RCP Record: {'Benchmark': 'rnnt', 'BS': 2048, 'Hyperparams': {}, 'Epochs to converge': [], 'RCP Mean': 54.07407407407407, 'RCP Stdev': 1.8370254059872677, 'Max Speedup': 1.0248421920943824, 'Min Epochs': 52.76331760265207}
INFO -  Submission mean epochs: 56.0000
INFO - RCP Test Passed: RCP Interpolation
INFO - ------------------------------
INFO - ------------------------------
INFO -  Running compliance checks in dir /home/h3c/submission/results/R5300G6x8A30-PCIE-24GB/ssd
INFO -  System R5300G6x8A30-PCIE-24GB
INFO -  Benchmark ssd
INFO - ------------------------------
INFO - ------------------------------
INFO - Run 1/5
INFO - Running compliance on file: /home/h3c/submission/results/R5300G6x8A30-PCIE-24GB/ssd/result_1.txt
INFO -  Compliance checks: training_3.0.0/common.yaml
INFO -  Compliance checks: training_3.0.0/closed_common.yaml
INFO -  Compliance checks: training_3.0.0/closed_ssd.yaml
INFO - ------------------------------
INFO - Run 2/5
INFO - Running compliance on file: /home/h3c/submission/results/R5300G6x8A30-PCIE-24GB/ssd/result_2.txt
INFO -  Compliance checks: training_3.0.0/common.yaml
INFO -  Compliance checks: training_3.0.0/closed_common.yaml
INFO -  Compliance checks: training_3.0.0/closed_ssd.yaml
INFO - ------------------------------
INFO - Run 3/5
INFO - Running compliance on file: /home/h3c/submission/results/R5300G6x8A30-PCIE-24GB/ssd/result_3.txt
INFO -  Compliance checks: training_3.0.0/common.yaml
INFO -  Compliance checks: training_3.0.0/closed_common.yaml
INFO -  Compliance checks: training_3.0.0/closed_ssd.yaml
INFO - ------------------------------
INFO - Run 4/5
INFO - Running compliance on file: /home/h3c/submission/results/R5300G6x8A30-PCIE-24GB/ssd/result_4.txt
INFO -  Compliance checks: training_3.0.0/common.yaml
INFO -  Compliance checks: training_3.0.0/closed_common.yaml
INFO -  Compliance checks: training_3.0.0/closed_ssd.yaml
INFO - ------------------------------
INFO - Run 5/5
INFO - Running compliance on file: /home/h3c/submission/results/R5300G6x8A30-PCIE-24GB/ssd/result_5.txt
INFO -  Compliance checks: training_3.0.0/common.yaml
INFO -  Compliance checks: training_3.0.0/closed_common.yaml
INFO -  Compliance checks: training_3.0.0/closed_ssd.yaml
INFO - ------------------------------
INFO -  Running Seed Checker
INFO - ------------------------------
INFO -  Running RCP Checker, pass: pruned_rcps
INFO - ------------------------------
INFO -  RCP Record: {'Benchmark': 'ssd', 'BS': 256, 'Hyperparams': {'opt_base_learning_rate': 0.0001, 'opt_learning_rate_warmup_factor': 0.001, 'opt_learning_rate_warmup_epochs': 1, 'opt_weight_decay': 0}, 'Epochs to converge': [4, 4, 4, 4, 4, 4, 4, 4, 4, 4, 4, 4, 4, 4, 4, 4, 4, 4, 4, 4], 'RCP Mean': 4.0, 'RCP Stdev': 0.0, 'Max Speedup': 1.0, 'Min Epochs': 4.0}
INFO -  Submission mean epochs: 4.6667
INFO - RCP Test Passed: RCP not found but slower convergence on smaller batch size
INFO - ------------------------------
INFO - ------------------------------
INFO -  Running compliance checks in dir /home/h3c/submission/results/R4900G6x2A30-PCIE-24GB/resnet
INFO -  System R4900G6x2A30-PCIE-24GB
INFO -  Benchmark resnet
INFO - ------------------------------
INFO - ------------------------------
INFO - Run 1/5
INFO - Running compliance on file: /home/h3c/submission/results/R4900G6x2A30-PCIE-24GB/resnet/result_1.txt
INFO -  Compliance checks: training_3.0.0/common.yaml
INFO -  Compliance checks: training_3.0.0/closed_common.yaml
INFO -  Compliance checks: training_3.0.0/closed_resnet.yaml
INFO -  Compliance checks: training_3.0.0/closed_resnet_lars.yaml
INFO - ------------------------------
INFO - Run 2/5
INFO - Running compliance on file: /home/h3c/submission/results/R4900G6x2A30-PCIE-24GB/resnet/result_2.txt
INFO -  Compliance checks: training_3.0.0/common.yaml
INFO -  Compliance checks: training_3.0.0/closed_common.yaml
INFO -  Compliance checks: training_3.0.0/closed_resnet.yaml
INFO -  Compliance checks: training_3.0.0/closed_resnet_lars.yaml
INFO - ------------------------------
INFO - Run 3/5
INFO - Running compliance on file: /home/h3c/submission/results/R4900G6x2A30-PCIE-24GB/resnet/result_3.txt
INFO -  Compliance checks: training_3.0.0/common.yaml
INFO -  Compliance checks: training_3.0.0/closed_common.yaml
INFO -  Compliance checks: training_3.0.0/closed_resnet.yaml
INFO -  Compliance checks: training_3.0.0/closed_resnet_lars.yaml
INFO - ------------------------------
INFO - Run 4/5
INFO - Running compliance on file: /home/h3c/submission/results/R4900G6x2A30-PCIE-24GB/resnet/result_4.txt
INFO -  Compliance checks: training_3.0.0/common.yaml
INFO -  Compliance checks: training_3.0.0/closed_common.yaml
INFO -  Compliance checks: training_3.0.0/closed_resnet.yaml
INFO -  Compliance checks: training_3.0.0/closed_resnet_lars.yaml
INFO - ------------------------------
INFO - Run 5/5
INFO - Running compliance on file: /home/h3c/submission/results/R4900G6x2A30-PCIE-24GB/resnet/result_5.txt
INFO -  Compliance checks: training_3.0.0/common.yaml
INFO -  Compliance checks: training_3.0.0/closed_common.yaml
INFO -  Compliance checks: training_3.0.0/closed_resnet.yaml
INFO -  Compliance checks: training_3.0.0/closed_resnet_lars.yaml
INFO - ------------------------------
INFO -  Running Seed Checker
INFO - ------------------------------
INFO -  Running RCP Checker, pass: pruned_rcps
INFO - ------------------------------
INFO -  RCP Record: {'Benchmark': 'resnet', 'BS': 1632, 'Hyperparams': {'optimizer': 'lars', 'opt_base_learning_rate': 7.4, 'opt_learning_rate_warmup_epochs': 2, 'opt_momentum': 0.9, 'opt_weight_decay': 5e-05, 'opt_learning_rate_decay_steps': 27476, 'model_bn_span': 204}, 'Epochs to converge': [33, 34, 34, 34, 34, 35, 35, 35, 35, 35, 35, 35, 35, 35, 37, 37, 37], 'RCP Mean': 35.0, 'RCP Stdev': 0.8944271909999159, 'Max Speedup': 1.029037661913253, 'Min Epochs': 34.01236057281494}
INFO -  Submission mean epochs: 36.0000
INFO - RCP Test Passed: RCP not found but slower convergence on smaller batch size
INFO - ------------------------------
INFO - ------------------------------
INFO -  Running compliance checks in dir /home/h3c/submission/results/R5350G6x8A30-PCIE-24GB/unet3d
INFO -  System R5350G6x8A30-PCIE-24GB
INFO -  Benchmark unet3d
INFO - ------------------------------
INFO - ------------------------------
INFO - Run 1/40
INFO - Running compliance on file: /home/h3c/submission/results/R5350G6x8A30-PCIE-24GB/unet3d/result_1.txt
INFO -  Compliance checks: training_3.0.0/common.yaml
INFO -  Compliance checks: training_3.0.0/closed_common.yaml
INFO -  Compliance checks: training_3.0.0/closed_unet3d.yaml
WARNING -  Failed checks for eval_accuracy :  v['value'] >= 0.908
INFO - ------------------------------
INFO - Run 2/40
INFO - Running compliance on file: /home/h3c/submission/results/R5350G6x8A30-PCIE-24GB/unet3d/result_10.txt
INFO -  Compliance checks: training_3.0.0/common.yaml
INFO -  Compliance checks: training_3.0.0/closed_common.yaml
INFO -  Compliance checks: training_3.0.0/closed_unet3d.yaml
INFO - ------------------------------
INFO - Run 3/40
INFO - Running compliance on file: /home/h3c/submission/results/R5350G6x8A30-PCIE-24GB/unet3d/result_11.txt
INFO -  Compliance checks: training_3.0.0/common.yaml
INFO -  Compliance checks: training_3.0.0/closed_common.yaml
INFO -  Compliance checks: training_3.0.0/closed_unet3d.yaml
INFO - ------------------------------
INFO - Run 4/40
INFO - Running compliance on file: /home/h3c/submission/results/R5350G6x8A30-PCIE-24GB/unet3d/result_12.txt
INFO -  Compliance checks: training_3.0.0/common.yaml
INFO -  Compliance checks: training_3.0.0/closed_common.yaml
INFO -  Compliance checks: training_3.0.0/closed_unet3d.yaml
INFO - ------------------------------
INFO - Run 5/40
INFO - Running compliance on file: /home/h3c/submission/results/R5350G6x8A30-PCIE-24GB/unet3d/result_13.txt
INFO -  Compliance checks: training_3.0.0/common.yaml
INFO -  Compliance checks: training_3.0.0/closed_common.yaml
INFO -  Compliance checks: training_3.0.0/closed_unet3d.yaml
INFO - ------------------------------
INFO - Run 6/40
INFO - Running compliance on file: /home/h3c/submission/results/R5350G6x8A30-PCIE-24GB/unet3d/result_14.txt
INFO -  Compliance checks: training_3.0.0/common.yaml
INFO -  Compliance checks: training_3.0.0/closed_common.yaml
INFO -  Compliance checks: training_3.0.0/closed_unet3d.yaml
INFO - ------------------------------
INFO - Run 7/40
INFO - Running compliance on file: /home/h3c/submission/results/R5350G6x8A30-PCIE-24GB/unet3d/result_15.txt
INFO -  Compliance checks: training_3.0.0/common.yaml
INFO -  Compliance checks: training_3.0.0/closed_common.yaml
INFO -  Compliance checks: training_3.0.0/closed_unet3d.yaml
INFO - ------------------------------
INFO - Run 8/40
INFO - Running compliance on file: /home/h3c/submission/results/R5350G6x8A30-PCIE-24GB/unet3d/result_16.txt
INFO -  Compliance checks: training_3.0.0/common.yaml
INFO -  Compliance checks: training_3.0.0/closed_common.yaml
INFO -  Compliance checks: training_3.0.0/closed_unet3d.yaml
INFO - ------------------------------
INFO - Run 9/40
INFO - Running compliance on file: /home/h3c/submission/results/R5350G6x8A30-PCIE-24GB/unet3d/result_17.txt
INFO -  Compliance checks: training_3.0.0/common.yaml
INFO -  Compliance checks: training_3.0.0/closed_common.yaml
INFO -  Compliance checks: training_3.0.0/closed_unet3d.yaml
INFO - ------------------------------
INFO - Run 10/40
INFO - Running compliance on file: /home/h3c/submission/results/R5350G6x8A30-PCIE-24GB/unet3d/result_18.txt
INFO -  Compliance checks: training_3.0.0/common.yaml
INFO -  Compliance checks: training_3.0.0/closed_common.yaml
INFO -  Compliance checks: training_3.0.0/closed_unet3d.yaml
INFO - ------------------------------
INFO - Run 11/40
INFO - Running compliance on file: /home/h3c/submission/results/R5350G6x8A30-PCIE-24GB/unet3d/result_19.txt
INFO -  Compliance checks: training_3.0.0/common.yaml
INFO -  Compliance checks: training_3.0.0/closed_common.yaml
INFO -  Compliance checks: training_3.0.0/closed_unet3d.yaml
INFO - ------------------------------
INFO - Run 12/40
INFO - Running compliance on file: /home/h3c/submission/results/R5350G6x8A30-PCIE-24GB/unet3d/result_2.txt
INFO -  Compliance checks: training_3.0.0/common.yaml
INFO -  Compliance checks: training_3.0.0/closed_common.yaml
INFO -  Compliance checks: training_3.0.0/closed_unet3d.yaml
INFO - ------------------------------
INFO - Run 13/40
INFO - Running compliance on file: /home/h3c/submission/results/R5350G6x8A30-PCIE-24GB/unet3d/result_20.txt
INFO -  Compliance checks: training_3.0.0/common.yaml
INFO -  Compliance checks: training_3.0.0/closed_common.yaml
INFO -  Compliance checks: training_3.0.0/closed_unet3d.yaml
INFO - ------------------------------
INFO - Run 14/40
INFO - Running compliance on file: /home/h3c/submission/results/R5350G6x8A30-PCIE-24GB/unet3d/result_21.txt
INFO -  Compliance checks: training_3.0.0/common.yaml
INFO -  Compliance checks: training_3.0.0/closed_common.yaml
INFO -  Compliance checks: training_3.0.0/closed_unet3d.yaml
INFO - ------------------------------
INFO - Run 15/40
INFO - Running compliance on file: /home/h3c/submission/results/R5350G6x8A30-PCIE-24GB/unet3d/result_22.txt
INFO -  Compliance checks: training_3.0.0/common.yaml
INFO -  Compliance checks: training_3.0.0/closed_common.yaml
INFO -  Compliance checks: training_3.0.0/closed_unet3d.yaml
INFO - ------------------------------
INFO - Run 16/40
INFO - Running compliance on file: /home/h3c/submission/results/R5350G6x8A30-PCIE-24GB/unet3d/result_23.txt
INFO -  Compliance checks: training_3.0.0/common.yaml
INFO -  Compliance checks: training_3.0.0/closed_common.yaml
INFO -  Compliance checks: training_3.0.0/closed_unet3d.yaml
INFO - ------------------------------
INFO - Run 17/40
INFO - Running compliance on file: /home/h3c/submission/results/R5350G6x8A30-PCIE-24GB/unet3d/result_24.txt
INFO -  Compliance checks: training_3.0.0/common.yaml
INFO -  Compliance checks: training_3.0.0/closed_common.yaml
INFO -  Compliance checks: training_3.0.0/closed_unet3d.yaml
INFO - ------------------------------
INFO - Run 18/40
INFO - Running compliance on file: /home/h3c/submission/results/R5350G6x8A30-PCIE-24GB/unet3d/result_25.txt
INFO -  Compliance checks: training_3.0.0/common.yaml
INFO -  Compliance checks: training_3.0.0/closed_common.yaml
INFO -  Compliance checks: training_3.0.0/closed_unet3d.yaml
INFO - ------------------------------
INFO - Run 19/40
INFO - Running compliance on file: /home/h3c/submission/results/R5350G6x8A30-PCIE-24GB/unet3d/result_26.txt
INFO -  Compliance checks: training_3.0.0/common.yaml
INFO -  Compliance checks: training_3.0.0/closed_common.yaml
INFO -  Compliance checks: training_3.0.0/closed_unet3d.yaml
INFO - ------------------------------
INFO - Run 20/40
INFO - Running compliance on file: /home/h3c/submission/results/R5350G6x8A30-PCIE-24GB/unet3d/result_27.txt
INFO -  Compliance checks: training_3.0.0/common.yaml
INFO -  Compliance checks: training_3.0.0/closed_common.yaml
INFO -  Compliance checks: training_3.0.0/closed_unet3d.yaml
INFO - ------------------------------
INFO - Run 21/40
INFO - Running compliance on file: /home/h3c/submission/results/R5350G6x8A30-PCIE-24GB/unet3d/result_28.txt
INFO -  Compliance checks: training_3.0.0/common.yaml
INFO -  Compliance checks: training_3.0.0/closed_common.yaml
INFO -  Compliance checks: training_3.0.0/closed_unet3d.yaml
INFO - ------------------------------
INFO - Run 22/40
INFO - Running compliance on file: /home/h3c/submission/results/R5350G6x8A30-PCIE-24GB/unet3d/result_29.txt
INFO -  Compliance checks: training_3.0.0/common.yaml
INFO -  Compliance checks: training_3.0.0/closed_common.yaml
INFO -  Compliance checks: training_3.0.0/closed_unet3d.yaml
INFO - ------------------------------
INFO - Run 23/40
INFO - Running compliance on file: /home/h3c/submission/results/R5350G6x8A30-PCIE-24GB/unet3d/result_3.txt
INFO -  Compliance checks: training_3.0.0/common.yaml
INFO -  Compliance checks: training_3.0.0/closed_common.yaml
INFO -  Compliance checks: training_3.0.0/closed_unet3d.yaml
INFO - ------------------------------
INFO - Run 24/40
INFO - Running compliance on file: /home/h3c/submission/results/R5350G6x8A30-PCIE-24GB/unet3d/result_30.txt
INFO -  Compliance checks: training_3.0.0/common.yaml
INFO -  Compliance checks: training_3.0.0/closed_common.yaml
INFO -  Compliance checks: training_3.0.0/closed_unet3d.yaml
INFO - ------------------------------
INFO - Run 25/40
INFO - Running compliance on file: /home/h3c/submission/results/R5350G6x8A30-PCIE-24GB/unet3d/result_31.txt
INFO -  Compliance checks: training_3.0.0/common.yaml
INFO -  Compliance checks: training_3.0.0/closed_common.yaml
INFO -  Compliance checks: training_3.0.0/closed_unet3d.yaml
INFO - ------------------------------
INFO - Run 26/40
INFO - Running compliance on file: /home/h3c/submission/results/R5350G6x8A30-PCIE-24GB/unet3d/result_32.txt
INFO -  Compliance checks: training_3.0.0/common.yaml
INFO -  Compliance checks: training_3.0.0/closed_common.yaml
INFO -  Compliance checks: training_3.0.0/closed_unet3d.yaml
INFO - ------------------------------
INFO - Run 27/40
INFO - Running compliance on file: /home/h3c/submission/results/R5350G6x8A30-PCIE-24GB/unet3d/result_33.txt
INFO -  Compliance checks: training_3.0.0/common.yaml
INFO -  Compliance checks: training_3.0.0/closed_common.yaml
INFO -  Compliance checks: training_3.0.0/closed_unet3d.yaml
INFO - ------------------------------
INFO - Run 28/40
INFO - Running compliance on file: /home/h3c/submission/results/R5350G6x8A30-PCIE-24GB/unet3d/result_34.txt
INFO -  Compliance checks: training_3.0.0/common.yaml
INFO -  Compliance checks: training_3.0.0/closed_common.yaml
INFO -  Compliance checks: training_3.0.0/closed_unet3d.yaml
INFO - ------------------------------
INFO - Run 29/40
INFO - Running compliance on file: /home/h3c/submission/results/R5350G6x8A30-PCIE-24GB/unet3d/result_35.txt
INFO -  Compliance checks: training_3.0.0/common.yaml
INFO -  Compliance checks: training_3.0.0/closed_common.yaml
INFO -  Compliance checks: training_3.0.0/closed_unet3d.yaml
INFO - ------------------------------
INFO - Run 30/40
INFO - Running compliance on file: /home/h3c/submission/results/R5350G6x8A30-PCIE-24GB/unet3d/result_36.txt
INFO -  Compliance checks: training_3.0.0/common.yaml
INFO -  Compliance checks: training_3.0.0/closed_common.yaml
INFO -  Compliance checks: training_3.0.0/closed_unet3d.yaml
INFO - ------------------------------
INFO - Run 31/40
INFO - Running compliance on file: /home/h3c/submission/results/R5350G6x8A30-PCIE-24GB/unet3d/result_37.txt
INFO -  Compliance checks: training_3.0.0/common.yaml
INFO -  Compliance checks: training_3.0.0/closed_common.yaml
INFO -  Compliance checks: training_3.0.0/closed_unet3d.yaml
INFO - ------------------------------
INFO - Run 32/40
INFO - Running compliance on file: /home/h3c/submission/results/R5350G6x8A30-PCIE-24GB/unet3d/result_38.txt
INFO -  Compliance checks: training_3.0.0/common.yaml
INFO -  Compliance checks: training_3.0.0/closed_common.yaml
INFO -  Compliance checks: training_3.0.0/closed_unet3d.yaml
INFO - ------------------------------
INFO - Run 33/40
INFO - Running compliance on file: /home/h3c/submission/results/R5350G6x8A30-PCIE-24GB/unet3d/result_39.txt
INFO -  Compliance checks: training_3.0.0/common.yaml
INFO -  Compliance checks: training_3.0.0/closed_common.yaml
INFO -  Compliance checks: training_3.0.0/closed_unet3d.yaml
INFO - ------------------------------
INFO - Run 34/40
INFO - Running compliance on file: /home/h3c/submission/results/R5350G6x8A30-PCIE-24GB/unet3d/result_4.txt
INFO -  Compliance checks: training_3.0.0/common.yaml
INFO -  Compliance checks: training_3.0.0/closed_common.yaml
INFO -  Compliance checks: training_3.0.0/closed_unet3d.yaml
INFO - ------------------------------
INFO - Run 35/40
INFO - Running compliance on file: /home/h3c/submission/results/R5350G6x8A30-PCIE-24GB/unet3d/result_40.txt
INFO -  Compliance checks: training_3.0.0/common.yaml
INFO -  Compliance checks: training_3.0.0/closed_common.yaml
INFO -  Compliance checks: training_3.0.0/closed_unet3d.yaml
INFO - ------------------------------
INFO - Run 36/40
INFO - Running compliance on file: /home/h3c/submission/results/R5350G6x8A30-PCIE-24GB/unet3d/result_5.txt
INFO -  Compliance checks: training_3.0.0/common.yaml
INFO -  Compliance checks: training_3.0.0/closed_common.yaml
INFO -  Compliance checks: training_3.0.0/closed_unet3d.yaml
INFO - ------------------------------
INFO - Run 37/40
INFO - Running compliance on file: /home/h3c/submission/results/R5350G6x8A30-PCIE-24GB/unet3d/result_6.txt
INFO -  Compliance checks: training_3.0.0/common.yaml
INFO -  Compliance checks: training_3.0.0/closed_common.yaml
INFO -  Compliance checks: training_3.0.0/closed_unet3d.yaml
INFO - ------------------------------
INFO - Run 38/40
INFO - Running compliance on file: /home/h3c/submission/results/R5350G6x8A30-PCIE-24GB/unet3d/result_7.txt
INFO -  Compliance checks: training_3.0.0/common.yaml
INFO -  Compliance checks: training_3.0.0/closed_common.yaml
INFO -  Compliance checks: training_3.0.0/closed_unet3d.yaml
INFO - ------------------------------
INFO - Run 39/40
INFO - Running compliance on file: /home/h3c/submission/results/R5350G6x8A30-PCIE-24GB/unet3d/result_8.txt
INFO -  Compliance checks: training_3.0.0/common.yaml
INFO -  Compliance checks: training_3.0.0/closed_common.yaml
INFO -  Compliance checks: training_3.0.0/closed_unet3d.yaml
INFO - ------------------------------
INFO - Run 40/40
INFO - Running compliance on file: /home/h3c/submission/results/R5350G6x8A30-PCIE-24GB/unet3d/result_9.txt
INFO -  Compliance checks: training_3.0.0/common.yaml
INFO -  Compliance checks: training_3.0.0/closed_common.yaml
INFO -  Compliance checks: training_3.0.0/closed_unet3d.yaml
WARNING -  1 files do not comply, accepting this under olympic scoring
INFO - ------------------------------
INFO -  Running Seed Checker
INFO - ------------------------------
INFO -  Running RCP Checker, pass: pruned_rcps
INFO - ------------------------------
WARNING -  Run incomplete or did not converge. Marking as infinite.
INFO -  RCP Record: {'Benchmark': 'unet3d', 'BS': 80, 'Hyperparams': {'opt_base_learning_rate': 1.5, 'opt_momentum': 0.9, 'opt_learning_rate_warmup_epochs': 1000, 'opt_initial_learning_rate': 0.0001, 'opt_learning_rate_decay_boundary_epochs': [], 'opt_learning_rate_decay_factor': 1.0, 'opt_weight_decay': 0.0}, 'Epochs to converge': [1148, 1148, 1162, 1176, 1260, 1274, 1288, 1288, 1302, 1302, 1330, 1330, 1344, 1344, 1344, 1372, 1372, 1372, 1386, 1400, 1400, 1400, 1414, 1428, 1428, 1442, 1442, 1456, 1470, 1470, 1484, 1484, 1484, 1498, 1498, 1512, 1512, 1540, 1540, 1540, 1540, 1540, 1582, 1582, 1582, 1582, 1596, 1680, 1680, 1694, 1694, 1708, 1708, 1708, 1736, 1764, 1792, 1792, 1806, 1820, 1834, 1848, 1862, 1862, 1862, 1876, 1918, 1918, 1960, 1988, 2002, 2002, 2002, 2016, 2086, 2100, 2226, 2226, 2450, 2492], 'RCP Mean': 1603.7777777777778, 'RCP Stdev': 231.29311743508387, 'Max Speedup': 1.050393870717319, 'Min Epochs': 1526.8346688681174}
INFO -  Submission mean epochs: 2548.7500
INFO - RCP Test Passed: RCP not found but slower convergence on smaller batch size
INFO - ------------------------------
INFO - ------------------------------
INFO -  Running compliance checks in dir /home/h3c/submission/results/R5350G6x8A30-PCIE-24GB/resnet
INFO -  System R5350G6x8A30-PCIE-24GB
INFO -  Benchmark resnet
INFO - ------------------------------
INFO - ------------------------------
INFO - Run 1/5
INFO - Running compliance on file: /home/h3c/submission/results/R5350G6x8A30-PCIE-24GB/resnet/result_1.txt
INFO -  Compliance checks: training_3.0.0/common.yaml
INFO -  Compliance checks: training_3.0.0/closed_common.yaml
INFO -  Compliance checks: training_3.0.0/closed_resnet.yaml
INFO -  Compliance checks: training_3.0.0/closed_resnet_lars.yaml
WARNING -  Failed checks for eval_accuracy : v['value'] >= 0.7590 and v['value'] < 1.0
INFO - ------------------------------
INFO - Run 2/5
INFO - Running compliance on file: /home/h3c/submission/results/R5350G6x8A30-PCIE-24GB/resnet/result_2.txt
INFO -  Compliance checks: training_3.0.0/common.yaml
INFO -  Compliance checks: training_3.0.0/closed_common.yaml
INFO -  Compliance checks: training_3.0.0/closed_resnet.yaml
INFO -  Compliance checks: training_3.0.0/closed_resnet_lars.yaml
INFO - ------------------------------
INFO - Run 3/5
INFO - Running compliance on file: /home/h3c/submission/results/R5350G6x8A30-PCIE-24GB/resnet/result_3.txt
INFO -  Compliance checks: training_3.0.0/common.yaml
INFO -  Compliance checks: training_3.0.0/closed_common.yaml
INFO -  Compliance checks: training_3.0.0/closed_resnet.yaml
INFO -  Compliance checks: training_3.0.0/closed_resnet_lars.yaml
INFO - ------------------------------
INFO - Run 4/5
INFO - Running compliance on file: /home/h3c/submission/results/R5350G6x8A30-PCIE-24GB/resnet/result_4.txt
INFO -  Compliance checks: training_3.0.0/common.yaml
INFO -  Compliance checks: training_3.0.0/closed_common.yaml
INFO -  Compliance checks: training_3.0.0/closed_resnet.yaml
INFO -  Compliance checks: training_3.0.0/closed_resnet_lars.yaml
INFO - ------------------------------
INFO - Run 5/5
INFO - Running compliance on file: /home/h3c/submission/results/R5350G6x8A30-PCIE-24GB/resnet/result_5.txt
INFO -  Compliance checks: training_3.0.0/common.yaml
INFO -  Compliance checks: training_3.0.0/closed_common.yaml
INFO -  Compliance checks: training_3.0.0/closed_resnet.yaml
INFO -  Compliance checks: training_3.0.0/closed_resnet_lars.yaml
WARNING -  1 file does not comply, accepting this under olympic scoring
INFO - ------------------------------
INFO -  Running Seed Checker
INFO - ------------------------------
INFO -  Running RCP Checker, pass: pruned_rcps
INFO - ------------------------------
WARNING -  Run incomplete or did not converge. Marking as infinite.
INFO -  RCP Record: {'Benchmark': 'resnet', 'BS': 1632, 'Hyperparams': {'optimizer': 'lars', 'opt_base_learning_rate': 7.4, 'opt_learning_rate_warmup_epochs': 2, 'opt_momentum': 0.9, 'opt_weight_decay': 5e-05, 'opt_learning_rate_decay_steps': 27476, 'model_bn_span': 204}, 'Epochs to converge': [33, 34, 34, 34, 34, 35, 35, 35, 35, 35, 35, 35, 35, 35, 37, 37, 37], 'RCP Mean': 35.0, 'RCP Stdev': 0.8944271909999159, 'Max Speedup': 1.029037661913253, 'Min Epochs': 34.01236057281494}
INFO -  Submission mean epochs: 36.0000
INFO - RCP Test Passed: RCP found
INFO - ------------------------------
INFO - ------------------------------
INFO -  Running compliance checks in dir /home/h3c/submission/results/R5350G6x8A30-PCIE-24GB/rnnt
INFO -  System R5350G6x8A30-PCIE-24GB
INFO -  Benchmark rnnt
INFO - ------------------------------
INFO - ------------------------------
INFO - Run 1/10
INFO - Running compliance on file: /home/h3c/submission/results/R5350G6x8A30-PCIE-24GB/rnnt/result_1.txt
INFO -  Compliance checks: training_3.0.0/common.yaml
INFO -  Compliance checks: training_3.0.0/closed_common.yaml
INFO -  Compliance checks: training_3.0.0/closed_rnnt.yaml
INFO - ------------------------------
INFO - Run 2/10
INFO - Running compliance on file: /home/h3c/submission/results/R5350G6x8A30-PCIE-24GB/rnnt/result_10.txt
INFO -  Compliance checks: training_3.0.0/common.yaml
INFO -  Compliance checks: training_3.0.0/closed_common.yaml
INFO -  Compliance checks: training_3.0.0/closed_rnnt.yaml
INFO - ------------------------------
INFO - Run 3/10
INFO - Running compliance on file: /home/h3c/submission/results/R5350G6x8A30-PCIE-24GB/rnnt/result_2.txt
INFO -  Compliance checks: training_3.0.0/common.yaml
INFO -  Compliance checks: training_3.0.0/closed_common.yaml
INFO -  Compliance checks: training_3.0.0/closed_rnnt.yaml
INFO - ------------------------------
INFO - Run 4/10
INFO - Running compliance on file: /home/h3c/submission/results/R5350G6x8A30-PCIE-24GB/rnnt/result_3.txt
INFO -  Compliance checks: training_3.0.0/common.yaml
INFO -  Compliance checks: training_3.0.0/closed_common.yaml
INFO -  Compliance checks: training_3.0.0/closed_rnnt.yaml
INFO - ------------------------------
INFO - Run 5/10
INFO - Running compliance on file: /home/h3c/submission/results/R5350G6x8A30-PCIE-24GB/rnnt/result_4.txt
INFO -  Compliance checks: training_3.0.0/common.yaml
INFO -  Compliance checks: training_3.0.0/closed_common.yaml
INFO -  Compliance checks: training_3.0.0/closed_rnnt.yaml
INFO - ------------------------------
INFO - Run 6/10
INFO - Running compliance on file: /home/h3c/submission/results/R5350G6x8A30-PCIE-24GB/rnnt/result_5.txt
INFO -  Compliance checks: training_3.0.0/common.yaml
INFO -  Compliance checks: training_3.0.0/closed_common.yaml
INFO -  Compliance checks: training_3.0.0/closed_rnnt.yaml
INFO - ------------------------------
INFO - Run 7/10
INFO - Running compliance on file: /home/h3c/submission/results/R5350G6x8A30-PCIE-24GB/rnnt/result_6.txt
INFO -  Compliance checks: training_3.0.0/common.yaml
INFO -  Compliance checks: training_3.0.0/closed_common.yaml
INFO -  Compliance checks: training_3.0.0/closed_rnnt.yaml
INFO - ------------------------------
INFO - Run 8/10
INFO - Running compliance on file: /home/h3c/submission/results/R5350G6x8A30-PCIE-24GB/rnnt/result_7.txt
INFO -  Compliance checks: training_3.0.0/common.yaml
INFO -  Compliance checks: training_3.0.0/closed_common.yaml
INFO -  Compliance checks: training_3.0.0/closed_rnnt.yaml
INFO - ------------------------------
INFO - Run 9/10
INFO - Running compliance on file: /home/h3c/submission/results/R5350G6x8A30-PCIE-24GB/rnnt/result_8.txt
INFO -  Compliance checks: training_3.0.0/common.yaml
INFO -  Compliance checks: training_3.0.0/closed_common.yaml
INFO -  Compliance checks: training_3.0.0/closed_rnnt.yaml
INFO - ------------------------------
INFO - Run 10/10
INFO - Running compliance on file: /home/h3c/submission/results/R5350G6x8A30-PCIE-24GB/rnnt/result_9.txt
INFO -  Compliance checks: training_3.0.0/common.yaml
INFO -  Compliance checks: training_3.0.0/closed_common.yaml
INFO -  Compliance checks: training_3.0.0/closed_rnnt.yaml
INFO - ------------------------------
INFO -  Running Seed Checker
INFO - ------------------------------
INFO -  Running RCP Checker, pass: pruned_rcps
INFO - ------------------------------
INFO -  RCP Record: {'Benchmark': 'rnnt', 'BS': 2048, 'Hyperparams': {}, 'Epochs to converge': [], 'RCP Mean': 54.07407407407407, 'RCP Stdev': 1.8370254059872677, 'Max Speedup': 1.0248421920943824, 'Min Epochs': 52.76331760265207}
INFO -  Submission mean epochs: 54.7500
INFO - RCP Test Passed: RCP Interpolation
INFO - ------------------------------
INFO - ------------------------------
INFO -  Running compliance checks in dir /home/h3c/submission/results/R5350G6x8A30-PCIE-24GB/ssd
INFO -  System R5350G6x8A30-PCIE-24GB
INFO -  Benchmark ssd
INFO - ------------------------------
INFO - ------------------------------
INFO - Run 1/5
INFO - Running compliance on file: /home/h3c/submission/results/R5350G6x8A30-PCIE-24GB/ssd/result_1.txt
INFO -  Compliance checks: training_3.0.0/common.yaml
INFO -  Compliance checks: training_3.0.0/closed_common.yaml
INFO -  Compliance checks: training_3.0.0/closed_ssd.yaml
INFO - ------------------------------
INFO - Run 2/5
INFO - Running compliance on file: /home/h3c/submission/results/R5350G6x8A30-PCIE-24GB/ssd/result_2.txt
INFO -  Compliance checks: training_3.0.0/common.yaml
INFO -  Compliance checks: training_3.0.0/closed_common.yaml
INFO -  Compliance checks: training_3.0.0/closed_ssd.yaml
INFO - ------------------------------
INFO - Run 3/5
INFO - Running compliance on file: /home/h3c/submission/results/R5350G6x8A30-PCIE-24GB/ssd/result_3.txt
INFO -  Compliance checks: training_3.0.0/common.yaml
INFO -  Compliance checks: training_3.0.0/closed_common.yaml
INFO -  Compliance checks: training_3.0.0/closed_ssd.yaml
INFO - ------------------------------
INFO - Run 4/5
INFO - Running compliance on file: /home/h3c/submission/results/R5350G6x8A30-PCIE-24GB/ssd/result_4.txt
INFO -  Compliance checks: training_3.0.0/common.yaml
INFO -  Compliance checks: training_3.0.0/closed_common.yaml
INFO -  Compliance checks: training_3.0.0/closed_ssd.yaml
INFO - ------------------------------
INFO - Run 5/5
INFO - Running compliance on file: /home/h3c/submission/results/R5350G6x8A30-PCIE-24GB/ssd/result_5.txt
INFO -  Compliance checks: training_3.0.0/common.yaml
INFO -  Compliance checks: training_3.0.0/closed_common.yaml
INFO -  Compliance checks: training_3.0.0/closed_ssd.yaml
INFO - ------------------------------
INFO -  Running Seed Checker
INFO - ------------------------------
INFO -  Running RCP Checker, pass: pruned_rcps
INFO - ------------------------------
INFO -  RCP Record: {'Benchmark': 'ssd', 'BS': 256, 'Hyperparams': {'opt_base_learning_rate': 0.0001, 'opt_learning_rate_warmup_factor': 0.001, 'opt_learning_rate_warmup_epochs': 1, 'opt_weight_decay': 0}, 'Epochs to converge': [4, 4, 4, 4, 4, 4, 4, 4, 4, 4, 4, 4, 4, 4, 4, 4, 4, 4, 4, 4], 'RCP Mean': 4.0, 'RCP Stdev': 0.0, 'Max Speedup': 1.0, 'Min Epochs': 4.0}
INFO -  Submission mean epochs: 4.3333
INFO - RCP Test Passed: RCP not found but slower convergence on smaller batch size
INFO - ------------------------------
INFO - ------------------------------
INFO - PACKAGE CHECKER FOUND NO ERRORS, SUCCESS !
INFO - ------------------------------
