INFO - Running compliance on file: /results/230505013102209051448_1.log
INFO -  Compliance checks: training_2.1.0/common.yaml
INFO -  Compliance checks: training_2.1.0/closed_common.yaml
INFO -  Compliance checks: training_2.1.0/closed_ssd.yaml
INFO - SUCCESS
INFO - Running compliance on file: /results/230505013102209051448_2.log
INFO -  Compliance checks: training_2.1.0/common.yaml
INFO -  Compliance checks: training_2.1.0/closed_common.yaml
INFO -  Compliance checks: training_2.1.0/closed_ssd.yaml
INFO - SUCCESS
INFO - Running compliance on file: /results/230505013102209051448_3.log
INFO -  Compliance checks: training_2.1.0/common.yaml
INFO -  Compliance checks: training_2.1.0/closed_common.yaml
INFO -  Compliance checks: training_2.1.0/closed_ssd.yaml
INFO - SUCCESS
INFO - Running compliance on file: /results/230505013102209051448_4.log
INFO -  Compliance checks: training_2.1.0/common.yaml
INFO -  Compliance checks: training_2.1.0/closed_common.yaml
INFO -  Compliance checks: training_2.1.0/closed_ssd.yaml
INFO - SUCCESS
INFO - Running compliance on file: /results/230505013102209051448_5.log
INFO -  Compliance checks: training_2.1.0/common.yaml
INFO -  Compliance checks: training_2.1.0/closed_common.yaml
INFO -  Compliance checks: training_2.1.0/closed_ssd.yaml
INFO - SUCCESS
