INFO -  Checking System Description Files
INFO -   System description checker passed for G593-SD0
INFO -   System description checker passed for G593-SD0
INFO -   System description checker passed for G593-SD0
INFO - ------------------------------
INFO -  Running compliance checks in dir ./results/G593-SD0_hugectr/dlrm_dcnv2
INFO -  System G593-SD0_hugectr
INFO -  Benchmark dlrm_dcnv2
INFO - ------------------------------
WARNING - Detected 11 total files in directory ./results/G593-SD0_hugectr/dlrm_dcnv2, but some do not conform to naming convention, should you rename them to result_*.txt ?
WARNING - Unknown files in result directory: ./results/G593-SD0_hugectr/dlrm_dcnv2
INFO - ------------------------------
INFO - Run 1/10
INFO - Running compliance on file: ./results/G593-SD0_hugectr/dlrm_dcnv2/result_0.txt
INFO -  Compliance checks: training_3.0.0/common.yaml
INFO -  Compliance checks: training_3.0.0/closed_common.yaml
INFO -  Compliance checks: training_3.0.0/closed_dlrm_dcnv2.yaml
INFO - ------------------------------
INFO - Run 2/10
INFO - Running compliance on file: ./results/G593-SD0_hugectr/dlrm_dcnv2/result_1.txt
INFO -  Compliance checks: training_3.0.0/common.yaml
INFO -  Compliance checks: training_3.0.0/closed_common.yaml
INFO -  Compliance checks: training_3.0.0/closed_dlrm_dcnv2.yaml
INFO - ------------------------------
INFO - Run 3/10
INFO - Running compliance on file: ./results/G593-SD0_hugectr/dlrm_dcnv2/result_2.txt
INFO -  Compliance checks: training_3.0.0/common.yaml
INFO -  Compliance checks: training_3.0.0/closed_common.yaml
INFO -  Compliance checks: training_3.0.0/closed_dlrm_dcnv2.yaml
INFO - ------------------------------
INFO - Run 4/10
INFO - Running compliance on file: ./results/G593-SD0_hugectr/dlrm_dcnv2/result_3.txt
INFO -  Compliance checks: training_3.0.0/common.yaml
INFO -  Compliance checks: training_3.0.0/closed_common.yaml
INFO -  Compliance checks: training_3.0.0/closed_dlrm_dcnv2.yaml
INFO - ------------------------------
INFO - Run 5/10
INFO - Running compliance on file: ./results/G593-SD0_hugectr/dlrm_dcnv2/result_4.txt
INFO -  Compliance checks: training_3.0.0/common.yaml
INFO -  Compliance checks: training_3.0.0/closed_common.yaml
INFO -  Compliance checks: training_3.0.0/closed_dlrm_dcnv2.yaml
INFO - ------------------------------
INFO - Run 6/10
INFO - Running compliance on file: ./results/G593-SD0_hugectr/dlrm_dcnv2/result_5.txt
INFO -  Compliance checks: training_3.0.0/common.yaml
INFO -  Compliance checks: training_3.0.0/closed_common.yaml
INFO -  Compliance checks: training_3.0.0/closed_dlrm_dcnv2.yaml
INFO - ------------------------------
INFO - Run 7/10
INFO - Running compliance on file: ./results/G593-SD0_hugectr/dlrm_dcnv2/result_6.txt
INFO -  Compliance checks: training_3.0.0/common.yaml
INFO -  Compliance checks: training_3.0.0/closed_common.yaml
INFO -  Compliance checks: training_3.0.0/closed_dlrm_dcnv2.yaml
INFO - ------------------------------
INFO - Run 8/10
INFO - Running compliance on file: ./results/G593-SD0_hugectr/dlrm_dcnv2/result_7.txt
INFO -  Compliance checks: training_3.0.0/common.yaml
INFO -  Compliance checks: training_3.0.0/closed_common.yaml
INFO -  Compliance checks: training_3.0.0/closed_dlrm_dcnv2.yaml
INFO - ------------------------------
INFO - Run 9/10
INFO - Running compliance on file: ./results/G593-SD0_hugectr/dlrm_dcnv2/result_8.txt
INFO -  Compliance checks: training_3.0.0/common.yaml
INFO -  Compliance checks: training_3.0.0/closed_common.yaml
INFO -  Compliance checks: training_3.0.0/closed_dlrm_dcnv2.yaml
INFO - ------------------------------
INFO - Run 10/10
INFO - Running compliance on file: ./results/G593-SD0_hugectr/dlrm_dcnv2/result_9.txt
INFO -  Compliance checks: training_3.0.0/common.yaml
INFO -  Compliance checks: training_3.0.0/closed_common.yaml
INFO -  Compliance checks: training_3.0.0/closed_dlrm_dcnv2.yaml
INFO - ------------------------------
INFO -  Running Seed Checker
INFO - ------------------------------
INFO -  Running RCP Checker, pass: pruned_rcps
INFO - ------------------------------
INFO -  RCP Record: {'Benchmark': 'dlrm_dcnv2', 'BS': 55296, 'Hyperparams': {}, 'Epochs to converge': [], 'RCP Mean': 0.7648437499999998, 'RCP Stdev': 0.04227750117947461, 'Max Speedup': 1.0411132998665564, 'Min Epochs': 0.7346402645111083}
INFO -  Submission mean epochs: 0.7375
INFO -  Submission mean epochs faster than RCP mean but within max speedup range. Score should be normalized by factor of 0.7648437499999998 / 0.7375 = 1.0370762711864403
INFO -  Results scaling set to normalization factor of 1.0371
INFO - RCP Test Passed: RCP Interpolation
INFO - ------------------------------
INFO - ------------------------------
INFO -  Running compliance checks in dir ./results/G593-SD0_pytorch/bert
INFO -  System G593-SD0_pytorch
INFO -  Benchmark bert
INFO - ------------------------------
WARNING - Detected 11 total files in directory ./results/G593-SD0_pytorch/bert, but some do not conform to naming convention, should you rename them to result_*.txt ?
WARNING - Unknown files in result directory: ./results/G593-SD0_pytorch/bert
INFO - ------------------------------
INFO - Run 1/10
INFO - Running compliance on file: ./results/G593-SD0_pytorch/bert/result_0.txt
INFO -  Compliance checks: training_3.0.0/common.yaml
INFO -  Compliance checks: training_3.0.0/closed_common.yaml
INFO -  Compliance checks: training_3.0.0/closed_bert.yaml
INFO - ------------------------------
INFO - Run 2/10
INFO - Running compliance on file: ./results/G593-SD0_pytorch/bert/result_1.txt
INFO -  Compliance checks: training_3.0.0/common.yaml
INFO -  Compliance checks: training_3.0.0/closed_common.yaml
INFO -  Compliance checks: training_3.0.0/closed_bert.yaml
INFO - ------------------------------
INFO - Run 3/10
INFO - Running compliance on file: ./results/G593-SD0_pytorch/bert/result_2.txt
INFO -  Compliance checks: training_3.0.0/common.yaml
INFO -  Compliance checks: training_3.0.0/closed_common.yaml
INFO -  Compliance checks: training_3.0.0/closed_bert.yaml
INFO - ------------------------------
INFO - Run 4/10
INFO - Running compliance on file: ./results/G593-SD0_pytorch/bert/result_3.txt
INFO -  Compliance checks: training_3.0.0/common.yaml
INFO -  Compliance checks: training_3.0.0/closed_common.yaml
INFO -  Compliance checks: training_3.0.0/closed_bert.yaml
INFO - ------------------------------
INFO - Run 5/10
INFO - Running compliance on file: ./results/G593-SD0_pytorch/bert/result_4.txt
INFO -  Compliance checks: training_3.0.0/common.yaml
INFO -  Compliance checks: training_3.0.0/closed_common.yaml
INFO -  Compliance checks: training_3.0.0/closed_bert.yaml
INFO - ------------------------------
INFO - Run 6/10
INFO - Running compliance on file: ./results/G593-SD0_pytorch/bert/result_5.txt
INFO -  Compliance checks: training_3.0.0/common.yaml
INFO -  Compliance checks: training_3.0.0/closed_common.yaml
INFO -  Compliance checks: training_3.0.0/closed_bert.yaml
INFO - ------------------------------
INFO - Run 7/10
INFO - Running compliance on file: ./results/G593-SD0_pytorch/bert/result_6.txt
INFO -  Compliance checks: training_3.0.0/common.yaml
INFO -  Compliance checks: training_3.0.0/closed_common.yaml
INFO -  Compliance checks: training_3.0.0/closed_bert.yaml
INFO - ------------------------------
INFO - Run 8/10
INFO - Running compliance on file: ./results/G593-SD0_pytorch/bert/result_7.txt
INFO -  Compliance checks: training_3.0.0/common.yaml
INFO -  Compliance checks: training_3.0.0/closed_common.yaml
INFO -  Compliance checks: training_3.0.0/closed_bert.yaml
INFO - ------------------------------
INFO - Run 9/10
INFO - Running compliance on file: ./results/G593-SD0_pytorch/bert/result_8.txt
INFO -  Compliance checks: training_3.0.0/common.yaml
INFO -  Compliance checks: training_3.0.0/closed_common.yaml
INFO -  Compliance checks: training_3.0.0/closed_bert.yaml
INFO - ------------------------------
INFO - Run 10/10
INFO - Running compliance on file: ./results/G593-SD0_pytorch/bert/result_9.txt
INFO -  Compliance checks: training_3.0.0/common.yaml
INFO -  Compliance checks: training_3.0.0/closed_common.yaml
INFO -  Compliance checks: training_3.0.0/closed_bert.yaml
INFO - ------------------------------
INFO -  Running Seed Checker
INFO - ------------------------------
INFO -  Running RCP Checker, pass: pruned_rcps
INFO - ------------------------------
INFO -  RCP Record: {'Benchmark': 'bert', 'BS': 768, 'Hyperparams': {}, 'Epochs to converge': [], 'RCP Mean': 2443933.5384615385, 'RCP Stdev': 162622.07062702224, 'Max Speedup': 1.0498443316973558, 'Min Epochs': 2327900.875085226}
INFO -  Submission mean epochs: 2379650.5000
INFO -  Submission mean epochs faster than RCP mean but within max speedup range. Score should be normalized by factor of 2443933.5384615385 / 2379650.5 = 1.0270136469458597
INFO -  Results scaling set to normalization factor of 1.0270
INFO - RCP Test Passed: RCP Interpolation
INFO - ------------------------------
INFO - ------------------------------
INFO -  Running compliance checks in dir ./results/G593-SD0_pytorch/rnnt
INFO -  System G593-SD0_pytorch
INFO -  Benchmark rnnt
INFO - ------------------------------
WARNING - Detected 11 total files in directory ./results/G593-SD0_pytorch/rnnt, but some do not conform to naming convention, should you rename them to result_*.txt ?
WARNING - Unknown files in result directory: ./results/G593-SD0_pytorch/rnnt
INFO - ------------------------------
INFO - Run 1/10
INFO - Running compliance on file: ./results/G593-SD0_pytorch/rnnt/result_0.txt
INFO -  Compliance checks: training_3.0.0/common.yaml
INFO -  Compliance checks: training_3.0.0/closed_common.yaml
INFO -  Compliance checks: training_3.0.0/closed_rnnt.yaml
INFO - ------------------------------
INFO - Run 2/10
INFO - Running compliance on file: ./results/G593-SD0_pytorch/rnnt/result_1.txt
INFO -  Compliance checks: training_3.0.0/common.yaml
INFO -  Compliance checks: training_3.0.0/closed_common.yaml
INFO -  Compliance checks: training_3.0.0/closed_rnnt.yaml
INFO - ------------------------------
INFO - Run 3/10
INFO - Running compliance on file: ./results/G593-SD0_pytorch/rnnt/result_2.txt
INFO -  Compliance checks: training_3.0.0/common.yaml
INFO -  Compliance checks: training_3.0.0/closed_common.yaml
INFO -  Compliance checks: training_3.0.0/closed_rnnt.yaml
INFO - ------------------------------
INFO - Run 4/10
INFO - Running compliance on file: ./results/G593-SD0_pytorch/rnnt/result_3.txt
INFO -  Compliance checks: training_3.0.0/common.yaml
INFO -  Compliance checks: training_3.0.0/closed_common.yaml
INFO -  Compliance checks: training_3.0.0/closed_rnnt.yaml
INFO - ------------------------------
INFO - Run 5/10
INFO - Running compliance on file: ./results/G593-SD0_pytorch/rnnt/result_4.txt
INFO -  Compliance checks: training_3.0.0/common.yaml
INFO -  Compliance checks: training_3.0.0/closed_common.yaml
INFO -  Compliance checks: training_3.0.0/closed_rnnt.yaml
INFO - ------------------------------
INFO - Run 6/10
INFO - Running compliance on file: ./results/G593-SD0_pytorch/rnnt/result_5.txt
INFO -  Compliance checks: training_3.0.0/common.yaml
INFO -  Compliance checks: training_3.0.0/closed_common.yaml
INFO -  Compliance checks: training_3.0.0/closed_rnnt.yaml
INFO - ------------------------------
INFO - Run 7/10
INFO - Running compliance on file: ./results/G593-SD0_pytorch/rnnt/result_6.txt
INFO -  Compliance checks: training_3.0.0/common.yaml
INFO -  Compliance checks: training_3.0.0/closed_common.yaml
INFO -  Compliance checks: training_3.0.0/closed_rnnt.yaml
INFO - ------------------------------
INFO - Run 8/10
INFO - Running compliance on file: ./results/G593-SD0_pytorch/rnnt/result_7.txt
INFO -  Compliance checks: training_3.0.0/common.yaml
INFO -  Compliance checks: training_3.0.0/closed_common.yaml
INFO -  Compliance checks: training_3.0.0/closed_rnnt.yaml
INFO - ------------------------------
INFO - Run 9/10
INFO - Running compliance on file: ./results/G593-SD0_pytorch/rnnt/result_8.txt
INFO -  Compliance checks: training_3.0.0/common.yaml
INFO -  Compliance checks: training_3.0.0/closed_common.yaml
INFO -  Compliance checks: training_3.0.0/closed_rnnt.yaml
INFO - ------------------------------
INFO - Run 10/10
INFO - Running compliance on file: ./results/G593-SD0_pytorch/rnnt/result_9.txt
INFO -  Compliance checks: training_3.0.0/common.yaml
INFO -  Compliance checks: training_3.0.0/closed_common.yaml
INFO -  Compliance checks: training_3.0.0/closed_rnnt.yaml
INFO - ------------------------------
INFO -  Running Seed Checker
INFO - ------------------------------
INFO -  Running RCP Checker, pass: pruned_rcps
INFO - ------------------------------
INFO -  RCP Record: {'Benchmark': 'rnnt', 'BS': 1536, 'Hyperparams': {'opt_base_learning_rate': 0.0072, 'opt_lamb_learning_rate_hold_epochs': 26, 'opt_lamb_learning_rate_decay_poly_power': 0.92, 'opt_learning_rate_warmup_epochs': 5, 'opt_weight_decay': 0.001, 'opt_lamb_beta_1': 0.9, 'opt_lamb_beta_2': 0.999, 'opt_lamb_learning_rate_min': 1e-05, 'opt_gradient_clip_norm': 1.0, 'opt_gradient_accumulation_steps': 4, 'model_eva_ema_factor': 0.995, 'model_weights_initialization_scale': 0.5, 'data_train_num_buckets': 1}, 'Epochs to converge': [46, 46, 47, 47, 47, 47, 48, 48, 49, 49, 49, 49, 50, 50, 50, 50, 51, 51, 52, 52], 'RCP Mean': 48.888888888888886, 'RCP Stdev': 1.6292086998461313, 'Max Speedup': 1.024827668439257, 'Min Epochs': 47.70449744330512}
INFO -  Submission mean epochs: 48.5000
INFO -  Submission mean epochs faster than RCP mean but within max speedup range. Score should be normalized by factor of 48.888888888888886 / 48.5 = 1.0080183276059564
INFO -  Results scaling set to normalization factor of 1.0080
INFO - RCP Test Passed: RCP found
INFO - ------------------------------
INFO - ------------------------------
INFO -  Running compliance checks in dir ./results/G593-SD0_pytorch/maskrcnn
INFO -  System G593-SD0_pytorch
INFO -  Benchmark maskrcnn
INFO - ------------------------------
INFO - ------------------------------
INFO - Run 1/5
INFO - Running compliance on file: ./results/G593-SD0_pytorch/maskrcnn/result_0.txt
INFO -  Compliance checks: training_3.0.0/common.yaml
INFO -  Compliance checks: training_3.0.0/closed_common.yaml
INFO -  Compliance checks: training_3.0.0/closed_maskrcnn.yaml
INFO - ------------------------------
INFO - Run 2/5
INFO - Running compliance on file: ./results/G593-SD0_pytorch/maskrcnn/result_1.txt
INFO -  Compliance checks: training_3.0.0/common.yaml
INFO -  Compliance checks: training_3.0.0/closed_common.yaml
INFO -  Compliance checks: training_3.0.0/closed_maskrcnn.yaml
INFO - ------------------------------
INFO - Run 3/5
INFO - Running compliance on file: ./results/G593-SD0_pytorch/maskrcnn/result_2.txt
INFO -  Compliance checks: training_3.0.0/common.yaml
INFO -  Compliance checks: training_3.0.0/closed_common.yaml
INFO -  Compliance checks: training_3.0.0/closed_maskrcnn.yaml
INFO - ------------------------------
INFO - Run 4/5
INFO - Running compliance on file: ./results/G593-SD0_pytorch/maskrcnn/result_3.txt
INFO -  Compliance checks: training_3.0.0/common.yaml
INFO -  Compliance checks: training_3.0.0/closed_common.yaml
INFO -  Compliance checks: training_3.0.0/closed_maskrcnn.yaml
INFO - ------------------------------
INFO - Run 5/5
INFO - Running compliance on file: ./results/G593-SD0_pytorch/maskrcnn/result_4.txt
INFO -  Compliance checks: training_3.0.0/common.yaml
INFO -  Compliance checks: training_3.0.0/closed_common.yaml
INFO -  Compliance checks: training_3.0.0/closed_maskrcnn.yaml
INFO - ------------------------------
INFO -  Running Seed Checker
INFO - ------------------------------
INFO -  Running RCP Checker, pass: pruned_rcps
INFO - ------------------------------
INFO -  RCP Record: {'Benchmark': 'maskrcnn', 'BS': 96, 'Hyperparams': {}, 'Epochs to converge': [], 'RCP Mean': 13.666666666666666, 'RCP Stdev': 0.11547005383792514, 'Max Speedup': 1.0100895673064882, 'Min Epochs': 13.530153274536133}
INFO -  Submission mean epochs: 14.0000
INFO - RCP Test Passed: RCP Interpolation
INFO - ------------------------------
INFO - ------------------------------
INFO -  Running compliance checks in dir ./results/G593-SD0_pytorch/ssd
INFO -  System G593-SD0_pytorch
INFO -  Benchmark ssd
INFO - ------------------------------
INFO - ------------------------------
INFO - Run 1/5
INFO - Running compliance on file: ./results/G593-SD0_pytorch/ssd/result_0.txt
INFO -  Compliance checks: training_3.0.0/common.yaml
INFO -  Compliance checks: training_3.0.0/closed_common.yaml
INFO -  Compliance checks: training_3.0.0/closed_ssd.yaml
INFO - ------------------------------
INFO - Run 2/5
INFO - Running compliance on file: ./results/G593-SD0_pytorch/ssd/result_1.txt
INFO -  Compliance checks: training_3.0.0/common.yaml
INFO -  Compliance checks: training_3.0.0/closed_common.yaml
INFO -  Compliance checks: training_3.0.0/closed_ssd.yaml
INFO - ------------------------------
INFO - Run 3/5
INFO - Running compliance on file: ./results/G593-SD0_pytorch/ssd/result_2.txt
INFO -  Compliance checks: training_3.0.0/common.yaml
INFO -  Compliance checks: training_3.0.0/closed_common.yaml
INFO -  Compliance checks: training_3.0.0/closed_ssd.yaml
INFO - ------------------------------
INFO - Run 4/5
INFO - Running compliance on file: ./results/G593-SD0_pytorch/ssd/result_3.txt
INFO -  Compliance checks: training_3.0.0/common.yaml
INFO -  Compliance checks: training_3.0.0/closed_common.yaml
INFO -  Compliance checks: training_3.0.0/closed_ssd.yaml
INFO - ------------------------------
INFO - Run 5/5
INFO - Running compliance on file: ./results/G593-SD0_pytorch/ssd/result_4.txt
INFO -  Compliance checks: training_3.0.0/common.yaml
INFO -  Compliance checks: training_3.0.0/closed_common.yaml
INFO -  Compliance checks: training_3.0.0/closed_ssd.yaml
INFO - ------------------------------
INFO -  Running Seed Checker
INFO - ------------------------------
INFO -  Running RCP Checker, pass: pruned_rcps
INFO - ------------------------------
INFO -  RCP Record: {'Benchmark': 'ssd', 'BS': 256, 'Hyperparams': {'opt_base_learning_rate': 0.0001, 'opt_learning_rate_warmup_factor': 0.001, 'opt_learning_rate_warmup_epochs': 1, 'opt_weight_decay': 0}, 'Epochs to converge': [4, 4, 4, 4, 4, 4, 4, 4, 4, 4, 4, 4, 4, 4, 4, 4, 4, 4, 4, 4], 'RCP Mean': 4.0, 'RCP Stdev': 0.0, 'Max Speedup': 1.0, 'Min Epochs': 4.0}
INFO -  Submission mean epochs: 4.0000
INFO - RCP Test Passed: RCP found
INFO - ------------------------------
INFO - ------------------------------
INFO -  Running compliance checks in dir ./results/G593-SD0_mxnet/unet3d
INFO -  System G593-SD0_mxnet
INFO -  Benchmark unet3d
INFO - ------------------------------
INFO - ------------------------------
INFO - Run 1/40
INFO - Running compliance on file: ./results/G593-SD0_mxnet/unet3d/result_0.txt
INFO -  Compliance checks: training_3.0.0/common.yaml
INFO -  Compliance checks: training_3.0.0/closed_common.yaml
INFO -  Compliance checks: training_3.0.0/closed_unet3d.yaml
INFO - ------------------------------
INFO - Run 2/40
INFO - Running compliance on file: ./results/G593-SD0_mxnet/unet3d/result_1.txt
INFO -  Compliance checks: training_3.0.0/common.yaml
INFO -  Compliance checks: training_3.0.0/closed_common.yaml
INFO -  Compliance checks: training_3.0.0/closed_unet3d.yaml
INFO - ------------------------------
INFO - Run 3/40
INFO - Running compliance on file: ./results/G593-SD0_mxnet/unet3d/result_10.txt
INFO -  Compliance checks: training_3.0.0/common.yaml
INFO -  Compliance checks: training_3.0.0/closed_common.yaml
INFO -  Compliance checks: training_3.0.0/closed_unet3d.yaml
INFO - ------------------------------
INFO - Run 4/40
INFO - Running compliance on file: ./results/G593-SD0_mxnet/unet3d/result_11.txt
INFO -  Compliance checks: training_3.0.0/common.yaml
INFO -  Compliance checks: training_3.0.0/closed_common.yaml
INFO -  Compliance checks: training_3.0.0/closed_unet3d.yaml
INFO - ------------------------------
INFO - Run 5/40
INFO - Running compliance on file: ./results/G593-SD0_mxnet/unet3d/result_12.txt
INFO -  Compliance checks: training_3.0.0/common.yaml
INFO -  Compliance checks: training_3.0.0/closed_common.yaml
INFO -  Compliance checks: training_3.0.0/closed_unet3d.yaml
INFO - ------------------------------
INFO - Run 6/40
INFO - Running compliance on file: ./results/G593-SD0_mxnet/unet3d/result_13.txt
INFO -  Compliance checks: training_3.0.0/common.yaml
INFO -  Compliance checks: training_3.0.0/closed_common.yaml
INFO -  Compliance checks: training_3.0.0/closed_unet3d.yaml
INFO - ------------------------------
INFO - Run 7/40
INFO - Running compliance on file: ./results/G593-SD0_mxnet/unet3d/result_14.txt
INFO -  Compliance checks: training_3.0.0/common.yaml
INFO -  Compliance checks: training_3.0.0/closed_common.yaml
INFO -  Compliance checks: training_3.0.0/closed_unet3d.yaml
INFO - ------------------------------
INFO - Run 8/40
INFO - Running compliance on file: ./results/G593-SD0_mxnet/unet3d/result_15.txt
INFO -  Compliance checks: training_3.0.0/common.yaml
INFO -  Compliance checks: training_3.0.0/closed_common.yaml
INFO -  Compliance checks: training_3.0.0/closed_unet3d.yaml
INFO - ------------------------------
INFO - Run 9/40
INFO - Running compliance on file: ./results/G593-SD0_mxnet/unet3d/result_16.txt
INFO -  Compliance checks: training_3.0.0/common.yaml
INFO -  Compliance checks: training_3.0.0/closed_common.yaml
INFO -  Compliance checks: training_3.0.0/closed_unet3d.yaml
INFO - ------------------------------
INFO - Run 10/40
INFO - Running compliance on file: ./results/G593-SD0_mxnet/unet3d/result_17.txt
INFO -  Compliance checks: training_3.0.0/common.yaml
INFO -  Compliance checks: training_3.0.0/closed_common.yaml
INFO -  Compliance checks: training_3.0.0/closed_unet3d.yaml
INFO - ------------------------------
INFO - Run 11/40
INFO - Running compliance on file: ./results/G593-SD0_mxnet/unet3d/result_18.txt
INFO -  Compliance checks: training_3.0.0/common.yaml
INFO -  Compliance checks: training_3.0.0/closed_common.yaml
INFO -  Compliance checks: training_3.0.0/closed_unet3d.yaml
INFO - ------------------------------
INFO - Run 12/40
INFO - Running compliance on file: ./results/G593-SD0_mxnet/unet3d/result_19.txt
INFO -  Compliance checks: training_3.0.0/common.yaml
INFO -  Compliance checks: training_3.0.0/closed_common.yaml
INFO -  Compliance checks: training_3.0.0/closed_unet3d.yaml
INFO - ------------------------------
INFO - Run 13/40
INFO - Running compliance on file: ./results/G593-SD0_mxnet/unet3d/result_2.txt
INFO -  Compliance checks: training_3.0.0/common.yaml
INFO -  Compliance checks: training_3.0.0/closed_common.yaml
INFO -  Compliance checks: training_3.0.0/closed_unet3d.yaml
INFO - ------------------------------
INFO - Run 14/40
INFO - Running compliance on file: ./results/G593-SD0_mxnet/unet3d/result_20.txt
INFO -  Compliance checks: training_3.0.0/common.yaml
INFO -  Compliance checks: training_3.0.0/closed_common.yaml
INFO -  Compliance checks: training_3.0.0/closed_unet3d.yaml
INFO - ------------------------------
INFO - Run 15/40
INFO - Running compliance on file: ./results/G593-SD0_mxnet/unet3d/result_21.txt
INFO -  Compliance checks: training_3.0.0/common.yaml
INFO -  Compliance checks: training_3.0.0/closed_common.yaml
INFO -  Compliance checks: training_3.0.0/closed_unet3d.yaml
INFO - ------------------------------
INFO - Run 16/40
INFO - Running compliance on file: ./results/G593-SD0_mxnet/unet3d/result_22.txt
INFO -  Compliance checks: training_3.0.0/common.yaml
INFO -  Compliance checks: training_3.0.0/closed_common.yaml
INFO -  Compliance checks: training_3.0.0/closed_unet3d.yaml
INFO - ------------------------------
INFO - Run 17/40
INFO - Running compliance on file: ./results/G593-SD0_mxnet/unet3d/result_23.txt
INFO -  Compliance checks: training_3.0.0/common.yaml
INFO -  Compliance checks: training_3.0.0/closed_common.yaml
INFO -  Compliance checks: training_3.0.0/closed_unet3d.yaml
INFO - ------------------------------
INFO - Run 18/40
INFO - Running compliance on file: ./results/G593-SD0_mxnet/unet3d/result_24.txt
INFO -  Compliance checks: training_3.0.0/common.yaml
INFO -  Compliance checks: training_3.0.0/closed_common.yaml
INFO -  Compliance checks: training_3.0.0/closed_unet3d.yaml
INFO - ------------------------------
INFO - Run 19/40
INFO - Running compliance on file: ./results/G593-SD0_mxnet/unet3d/result_25.txt
INFO -  Compliance checks: training_3.0.0/common.yaml
INFO -  Compliance checks: training_3.0.0/closed_common.yaml
INFO -  Compliance checks: training_3.0.0/closed_unet3d.yaml
INFO - ------------------------------
INFO - Run 20/40
INFO - Running compliance on file: ./results/G593-SD0_mxnet/unet3d/result_26.txt
INFO -  Compliance checks: training_3.0.0/common.yaml
INFO -  Compliance checks: training_3.0.0/closed_common.yaml
INFO -  Compliance checks: training_3.0.0/closed_unet3d.yaml
INFO - ------------------------------
INFO - Run 21/40
INFO - Running compliance on file: ./results/G593-SD0_mxnet/unet3d/result_27.txt
INFO -  Compliance checks: training_3.0.0/common.yaml
INFO -  Compliance checks: training_3.0.0/closed_common.yaml
INFO -  Compliance checks: training_3.0.0/closed_unet3d.yaml
INFO - ------------------------------
INFO - Run 22/40
INFO - Running compliance on file: ./results/G593-SD0_mxnet/unet3d/result_28.txt
INFO -  Compliance checks: training_3.0.0/common.yaml
INFO -  Compliance checks: training_3.0.0/closed_common.yaml
INFO -  Compliance checks: training_3.0.0/closed_unet3d.yaml
INFO - ------------------------------
INFO - Run 23/40
INFO - Running compliance on file: ./results/G593-SD0_mxnet/unet3d/result_29.txt
INFO -  Compliance checks: training_3.0.0/common.yaml
INFO -  Compliance checks: training_3.0.0/closed_common.yaml
INFO -  Compliance checks: training_3.0.0/closed_unet3d.yaml
INFO - ------------------------------
INFO - Run 24/40
INFO - Running compliance on file: ./results/G593-SD0_mxnet/unet3d/result_3.txt
INFO -  Compliance checks: training_3.0.0/common.yaml
INFO -  Compliance checks: training_3.0.0/closed_common.yaml
INFO -  Compliance checks: training_3.0.0/closed_unet3d.yaml
INFO - ------------------------------
INFO - Run 25/40
INFO - Running compliance on file: ./results/G593-SD0_mxnet/unet3d/result_30.txt
INFO -  Compliance checks: training_3.0.0/common.yaml
INFO -  Compliance checks: training_3.0.0/closed_common.yaml
INFO -  Compliance checks: training_3.0.0/closed_unet3d.yaml
INFO - ------------------------------
INFO - Run 26/40
INFO - Running compliance on file: ./results/G593-SD0_mxnet/unet3d/result_31.txt
INFO -  Compliance checks: training_3.0.0/common.yaml
INFO -  Compliance checks: training_3.0.0/closed_common.yaml
INFO -  Compliance checks: training_3.0.0/closed_unet3d.yaml
INFO - ------------------------------
INFO - Run 27/40
INFO - Running compliance on file: ./results/G593-SD0_mxnet/unet3d/result_32.txt
INFO -  Compliance checks: training_3.0.0/common.yaml
INFO -  Compliance checks: training_3.0.0/closed_common.yaml
INFO -  Compliance checks: training_3.0.0/closed_unet3d.yaml
INFO - ------------------------------
INFO - Run 28/40
INFO - Running compliance on file: ./results/G593-SD0_mxnet/unet3d/result_33.txt
INFO -  Compliance checks: training_3.0.0/common.yaml
INFO -  Compliance checks: training_3.0.0/closed_common.yaml
INFO -  Compliance checks: training_3.0.0/closed_unet3d.yaml
INFO - ------------------------------
INFO - Run 29/40
INFO - Running compliance on file: ./results/G593-SD0_mxnet/unet3d/result_34.txt
INFO -  Compliance checks: training_3.0.0/common.yaml
INFO -  Compliance checks: training_3.0.0/closed_common.yaml
INFO -  Compliance checks: training_3.0.0/closed_unet3d.yaml
INFO - ------------------------------
INFO - Run 30/40
INFO - Running compliance on file: ./results/G593-SD0_mxnet/unet3d/result_35.txt
INFO -  Compliance checks: training_3.0.0/common.yaml
INFO -  Compliance checks: training_3.0.0/closed_common.yaml
INFO -  Compliance checks: training_3.0.0/closed_unet3d.yaml
INFO - ------------------------------
INFO - Run 31/40
INFO - Running compliance on file: ./results/G593-SD0_mxnet/unet3d/result_36.txt
INFO -  Compliance checks: training_3.0.0/common.yaml
INFO -  Compliance checks: training_3.0.0/closed_common.yaml
INFO -  Compliance checks: training_3.0.0/closed_unet3d.yaml
INFO - ------------------------------
INFO - Run 32/40
INFO - Running compliance on file: ./results/G593-SD0_mxnet/unet3d/result_37.txt
INFO -  Compliance checks: training_3.0.0/common.yaml
INFO -  Compliance checks: training_3.0.0/closed_common.yaml
INFO -  Compliance checks: training_3.0.0/closed_unet3d.yaml
INFO - ------------------------------
INFO - Run 33/40
INFO - Running compliance on file: ./results/G593-SD0_mxnet/unet3d/result_38.txt
INFO -  Compliance checks: training_3.0.0/common.yaml
INFO -  Compliance checks: training_3.0.0/closed_common.yaml
INFO -  Compliance checks: training_3.0.0/closed_unet3d.yaml
INFO - ------------------------------
INFO - Run 34/40
INFO - Running compliance on file: ./results/G593-SD0_mxnet/unet3d/result_39.txt
INFO -  Compliance checks: training_3.0.0/common.yaml
INFO -  Compliance checks: training_3.0.0/closed_common.yaml
INFO -  Compliance checks: training_3.0.0/closed_unet3d.yaml
INFO - ------------------------------
INFO - Run 35/40
INFO - Running compliance on file: ./results/G593-SD0_mxnet/unet3d/result_4.txt
INFO -  Compliance checks: training_3.0.0/common.yaml
INFO -  Compliance checks: training_3.0.0/closed_common.yaml
INFO -  Compliance checks: training_3.0.0/closed_unet3d.yaml
INFO - ------------------------------
INFO - Run 36/40
INFO - Running compliance on file: ./results/G593-SD0_mxnet/unet3d/result_5.txt
INFO -  Compliance checks: training_3.0.0/common.yaml
INFO -  Compliance checks: training_3.0.0/closed_common.yaml
INFO -  Compliance checks: training_3.0.0/closed_unet3d.yaml
INFO - ------------------------------
INFO - Run 37/40
INFO - Running compliance on file: ./results/G593-SD0_mxnet/unet3d/result_6.txt
INFO -  Compliance checks: training_3.0.0/common.yaml
INFO -  Compliance checks: training_3.0.0/closed_common.yaml
INFO -  Compliance checks: training_3.0.0/closed_unet3d.yaml
INFO - ------------------------------
INFO - Run 38/40
INFO - Running compliance on file: ./results/G593-SD0_mxnet/unet3d/result_7.txt
INFO -  Compliance checks: training_3.0.0/common.yaml
INFO -  Compliance checks: training_3.0.0/closed_common.yaml
INFO -  Compliance checks: training_3.0.0/closed_unet3d.yaml
INFO - ------------------------------
INFO - Run 39/40
INFO - Running compliance on file: ./results/G593-SD0_mxnet/unet3d/result_8.txt
INFO -  Compliance checks: training_3.0.0/common.yaml
INFO -  Compliance checks: training_3.0.0/closed_common.yaml
INFO -  Compliance checks: training_3.0.0/closed_unet3d.yaml
INFO - ------------------------------
INFO - Run 40/40
INFO - Running compliance on file: ./results/G593-SD0_mxnet/unet3d/result_9.txt
INFO -  Compliance checks: training_3.0.0/common.yaml
INFO -  Compliance checks: training_3.0.0/closed_common.yaml
INFO -  Compliance checks: training_3.0.0/closed_unet3d.yaml
INFO - ------------------------------
INFO -  Running Seed Checker
INFO - ------------------------------
INFO -  Running RCP Checker, pass: pruned_rcps
INFO - ------------------------------
INFO -  RCP Record: {'Benchmark': 'unet3d', 'BS': 80, 'Hyperparams': {'opt_base_learning_rate': 1.5, 'opt_momentum': 0.9, 'opt_learning_rate_warmup_epochs': 1000, 'opt_initial_learning_rate': 0.0001, 'opt_learning_rate_decay_boundary_epochs': [], 'opt_learning_rate_decay_factor': 1.0, 'opt_weight_decay': 0.0}, 'Epochs to converge': [1148, 1148, 1162, 1176, 1260, 1274, 1288, 1288, 1302, 1302, 1330, 1330, 1344, 1344, 1344, 1372, 1372, 1372, 1386, 1400, 1400, 1400, 1414, 1428, 1428, 1442, 1442, 1456, 1470, 1470, 1484, 1484, 1484, 1498, 1498, 1512, 1512, 1540, 1540, 1540, 1540, 1540, 1582, 1582, 1582, 1582, 1596, 1680, 1680, 1694, 1694, 1708, 1708, 1708, 1736, 1764, 1792, 1792, 1806, 1820, 1834, 1848, 1862, 1862, 1862, 1876, 1918, 1918, 1960, 1988, 2002, 2002, 2002, 2016, 2086, 2100, 2226, 2226, 2450, 2492], 'RCP Mean': 1603.7777777777778, 'RCP Stdev': 231.29311743508387, 'Max Speedup': 1.050393870717319, 'Min Epochs': 1526.8346688681174}
INFO -  Submission mean epochs: 2001.8750
INFO - RCP Test Passed: RCP not found but slower convergence on smaller batch size
INFO - ------------------------------
INFO - ------------------------------
INFO -  Running compliance checks in dir ./results/G593-SD0_mxnet/resnet
INFO -  System G593-SD0_mxnet
INFO -  Benchmark resnet
INFO - ------------------------------
WARNING - Detected 6 total files in directory ./results/G593-SD0_mxnet/resnet, but some do not conform to naming convention, should you rename them to result_*.txt ?
WARNING - Unknown files in result directory: ./results/G593-SD0_mxnet/resnet
INFO - ------------------------------
INFO - Run 1/5
INFO - Running compliance on file: ./results/G593-SD0_mxnet/resnet/result_0.txt
INFO -  Compliance checks: training_3.0.0/common.yaml
INFO -  Compliance checks: training_3.0.0/closed_common.yaml
INFO -  Compliance checks: training_3.0.0/closed_resnet.yaml
INFO -  Compliance checks: training_3.0.0/closed_resnet_lars.yaml
INFO - ------------------------------
INFO - Run 2/5
INFO - Running compliance on file: ./results/G593-SD0_mxnet/resnet/result_1.txt
INFO -  Compliance checks: training_3.0.0/common.yaml
INFO -  Compliance checks: training_3.0.0/closed_common.yaml
INFO -  Compliance checks: training_3.0.0/closed_resnet.yaml
INFO -  Compliance checks: training_3.0.0/closed_resnet_lars.yaml
INFO - ------------------------------
INFO - Run 3/5
INFO - Running compliance on file: ./results/G593-SD0_mxnet/resnet/result_2.txt
INFO -  Compliance checks: training_3.0.0/common.yaml
INFO -  Compliance checks: training_3.0.0/closed_common.yaml
INFO -  Compliance checks: training_3.0.0/closed_resnet.yaml
INFO -  Compliance checks: training_3.0.0/closed_resnet_lars.yaml
INFO - ------------------------------
INFO - Run 4/5
INFO - Running compliance on file: ./results/G593-SD0_mxnet/resnet/result_3.txt
INFO -  Compliance checks: training_3.0.0/common.yaml
INFO -  Compliance checks: training_3.0.0/closed_common.yaml
INFO -  Compliance checks: training_3.0.0/closed_resnet.yaml
INFO -  Compliance checks: training_3.0.0/closed_resnet_lars.yaml
INFO - ------------------------------
INFO - Run 5/5
INFO - Running compliance on file: ./results/G593-SD0_mxnet/resnet/result_4.txt
INFO -  Compliance checks: training_3.0.0/common.yaml
INFO -  Compliance checks: training_3.0.0/closed_common.yaml
INFO -  Compliance checks: training_3.0.0/closed_resnet.yaml
INFO -  Compliance checks: training_3.0.0/closed_resnet_lars.yaml
INFO - ------------------------------
INFO -  Running Seed Checker
INFO - ------------------------------
INFO -  Running RCP Checker, pass: pruned_rcps
INFO - ------------------------------
INFO -  RCP Record: {'Benchmark': 'resnet', 'BS': 3200, 'Hyperparams': {}, 'Epochs to converge': [], 'RCP Mean': 35.14781297134238, 'RCP Stdev': 0.5471147288831038, 'Max Speedup': 1.018748075108887, 'Min Epochs': 34.50098589642554}
INFO -  Submission mean epochs: 35.0000
INFO -  Submission mean epochs faster than RCP mean but within max speedup range. Score should be normalized by factor of 35.14781297134238 / 35.0 = 1.0042232277526395
INFO -  Results scaling set to normalization factor of 1.0042
INFO - RCP Test Passed: RCP Interpolation
INFO - ------------------------------
INFO - ------------------------------
INFO - PACKAGE CHECKER FOUND NO ERRORS, SUCCESS !
INFO - ------------------------------
INFO -  Checking System Description Files
INFO -   System description checker passed for G593-SD0
INFO -   System description checker passed for G593-SD0
INFO -   System description checker passed for G593-SD0
INFO - ------------------------------
INFO -  Running compliance checks in dir ./results/G593-SD0_hugectr/dlrm_dcnv2
INFO -  System G593-SD0_hugectr
INFO -  Benchmark dlrm_dcnv2
INFO - ------------------------------
WARNING - Detected 11 total files in directory ./results/G593-SD0_hugectr/dlrm_dcnv2, but some do not conform to naming convention, should you rename them to result_*.txt ?
WARNING - Unknown files in result directory: ./results/G593-SD0_hugectr/dlrm_dcnv2
INFO - ------------------------------
INFO - Run 1/10
INFO - Running compliance on file: ./results/G593-SD0_hugectr/dlrm_dcnv2/result_0.txt
INFO -  Compliance checks: training_3.0.0/common.yaml
INFO -  Compliance checks: training_3.0.0/closed_common.yaml
INFO -  Compliance checks: training_3.0.0/closed_dlrm_dcnv2.yaml
INFO - ------------------------------
INFO - Run 2/10
INFO - Running compliance on file: ./results/G593-SD0_hugectr/dlrm_dcnv2/result_1.txt
INFO -  Compliance checks: training_3.0.0/common.yaml
INFO -  Compliance checks: training_3.0.0/closed_common.yaml
INFO -  Compliance checks: training_3.0.0/closed_dlrm_dcnv2.yaml
INFO - ------------------------------
INFO - Run 3/10
INFO - Running compliance on file: ./results/G593-SD0_hugectr/dlrm_dcnv2/result_2.txt
INFO -  Compliance checks: training_3.0.0/common.yaml
INFO -  Compliance checks: training_3.0.0/closed_common.yaml
INFO -  Compliance checks: training_3.0.0/closed_dlrm_dcnv2.yaml
INFO - ------------------------------
INFO - Run 4/10
INFO - Running compliance on file: ./results/G593-SD0_hugectr/dlrm_dcnv2/result_3.txt
INFO -  Compliance checks: training_3.0.0/common.yaml
INFO -  Compliance checks: training_3.0.0/closed_common.yaml
INFO -  Compliance checks: training_3.0.0/closed_dlrm_dcnv2.yaml
INFO - ------------------------------
INFO - Run 5/10
INFO - Running compliance on file: ./results/G593-SD0_hugectr/dlrm_dcnv2/result_4.txt
INFO -  Compliance checks: training_3.0.0/common.yaml
INFO -  Compliance checks: training_3.0.0/closed_common.yaml
INFO -  Compliance checks: training_3.0.0/closed_dlrm_dcnv2.yaml
INFO - ------------------------------
INFO - Run 6/10
INFO - Running compliance on file: ./results/G593-SD0_hugectr/dlrm_dcnv2/result_5.txt
INFO -  Compliance checks: training_3.0.0/common.yaml
INFO -  Compliance checks: training_3.0.0/closed_common.yaml
INFO -  Compliance checks: training_3.0.0/closed_dlrm_dcnv2.yaml
INFO - ------------------------------
INFO - Run 7/10
INFO - Running compliance on file: ./results/G593-SD0_hugectr/dlrm_dcnv2/result_6.txt
INFO -  Compliance checks: training_3.0.0/common.yaml
INFO -  Compliance checks: training_3.0.0/closed_common.yaml
INFO -  Compliance checks: training_3.0.0/closed_dlrm_dcnv2.yaml
INFO - ------------------------------
INFO - Run 8/10
INFO - Running compliance on file: ./results/G593-SD0_hugectr/dlrm_dcnv2/result_7.txt
INFO -  Compliance checks: training_3.0.0/common.yaml
INFO -  Compliance checks: training_3.0.0/closed_common.yaml
INFO -  Compliance checks: training_3.0.0/closed_dlrm_dcnv2.yaml
INFO - ------------------------------
INFO - Run 9/10
INFO - Running compliance on file: ./results/G593-SD0_hugectr/dlrm_dcnv2/result_8.txt
INFO -  Compliance checks: training_3.0.0/common.yaml
INFO -  Compliance checks: training_3.0.0/closed_common.yaml
INFO -  Compliance checks: training_3.0.0/closed_dlrm_dcnv2.yaml
INFO - ------------------------------
INFO - Run 10/10
INFO - Running compliance on file: ./results/G593-SD0_hugectr/dlrm_dcnv2/result_9.txt
INFO -  Compliance checks: training_3.0.0/common.yaml
INFO -  Compliance checks: training_3.0.0/closed_common.yaml
INFO -  Compliance checks: training_3.0.0/closed_dlrm_dcnv2.yaml
INFO - ------------------------------
INFO -  Running Seed Checker
INFO - ------------------------------
INFO -  Running RCP Checker, pass: pruned_rcps
INFO - ------------------------------
INFO -  RCP Record: {'Benchmark': 'dlrm_dcnv2', 'BS': 55296, 'Hyperparams': {}, 'Epochs to converge': [], 'RCP Mean': 0.7648437499999998, 'RCP Stdev': 0.04227750117947461, 'Max Speedup': 1.0411132998665564, 'Min Epochs': 0.7346402645111083}
INFO -  Submission mean epochs: 0.7375
INFO -  Submission mean epochs faster than RCP mean but within max speedup range. Score should be normalized by factor of 0.7648437499999998 / 0.7375 = 1.0370762711864403
INFO -  Results scaling set to normalization factor of 1.0371
INFO - RCP Test Passed: RCP Interpolation
INFO - ------------------------------
INFO - ------------------------------
INFO -  Running compliance checks in dir ./results/G593-SD0_pytorch/bert
INFO -  System G593-SD0_pytorch
INFO -  Benchmark bert
INFO - ------------------------------
INFO - ------------------------------
INFO - Run 1/10
INFO - Running compliance on file: ./results/G593-SD0_pytorch/bert/result_0.txt
INFO -  Compliance checks: training_3.0.0/common.yaml
INFO -  Compliance checks: training_3.0.0/closed_common.yaml
INFO -  Compliance checks: training_3.0.0/closed_bert.yaml
INFO - ------------------------------
INFO - Run 2/10
INFO - Running compliance on file: ./results/G593-SD0_pytorch/bert/result_1.txt
INFO -  Compliance checks: training_3.0.0/common.yaml
INFO -  Compliance checks: training_3.0.0/closed_common.yaml
INFO -  Compliance checks: training_3.0.0/closed_bert.yaml
INFO - ------------------------------
INFO - Run 3/10
INFO - Running compliance on file: ./results/G593-SD0_pytorch/bert/result_2.txt
INFO -  Compliance checks: training_3.0.0/common.yaml
INFO -  Compliance checks: training_3.0.0/closed_common.yaml
INFO -  Compliance checks: training_3.0.0/closed_bert.yaml
INFO - ------------------------------
INFO - Run 4/10
INFO - Running compliance on file: ./results/G593-SD0_pytorch/bert/result_3.txt
INFO -  Compliance checks: training_3.0.0/common.yaml
INFO -  Compliance checks: training_3.0.0/closed_common.yaml
INFO -  Compliance checks: training_3.0.0/closed_bert.yaml
INFO - ------------------------------
INFO - Run 5/10
INFO - Running compliance on file: ./results/G593-SD0_pytorch/bert/result_4.txt
INFO -  Compliance checks: training_3.0.0/common.yaml
INFO -  Compliance checks: training_3.0.0/closed_common.yaml
INFO -  Compliance checks: training_3.0.0/closed_bert.yaml
INFO - ------------------------------
INFO - Run 6/10
INFO - Running compliance on file: ./results/G593-SD0_pytorch/bert/result_5.txt
INFO -  Compliance checks: training_3.0.0/common.yaml
INFO -  Compliance checks: training_3.0.0/closed_common.yaml
INFO -  Compliance checks: training_3.0.0/closed_bert.yaml
INFO - ------------------------------
INFO - Run 7/10
INFO - Running compliance on file: ./results/G593-SD0_pytorch/bert/result_6.txt
INFO -  Compliance checks: training_3.0.0/common.yaml
INFO -  Compliance checks: training_3.0.0/closed_common.yaml
INFO -  Compliance checks: training_3.0.0/closed_bert.yaml
INFO - ------------------------------
INFO - Run 8/10
INFO - Running compliance on file: ./results/G593-SD0_pytorch/bert/result_7.txt
INFO -  Compliance checks: training_3.0.0/common.yaml
INFO -  Compliance checks: training_3.0.0/closed_common.yaml
INFO -  Compliance checks: training_3.0.0/closed_bert.yaml
INFO - ------------------------------
INFO - Run 9/10
INFO - Running compliance on file: ./results/G593-SD0_pytorch/bert/result_8.txt
INFO -  Compliance checks: training_3.0.0/common.yaml
INFO -  Compliance checks: training_3.0.0/closed_common.yaml
INFO -  Compliance checks: training_3.0.0/closed_bert.yaml
INFO - ------------------------------
INFO - Run 10/10
INFO - Running compliance on file: ./results/G593-SD0_pytorch/bert/result_9.txt
INFO -  Compliance checks: training_3.0.0/common.yaml
INFO -  Compliance checks: training_3.0.0/closed_common.yaml
INFO -  Compliance checks: training_3.0.0/closed_bert.yaml
INFO - ------------------------------
INFO -  Running Seed Checker
INFO - ------------------------------
INFO -  Running RCP Checker, pass: pruned_rcps
INFO - ------------------------------
INFO -  RCP Record: {'Benchmark': 'bert', 'BS': 768, 'Hyperparams': {}, 'Epochs to converge': [], 'RCP Mean': 2443933.5384615385, 'RCP Stdev': 162622.07062702224, 'Max Speedup': 1.0498443316973558, 'Min Epochs': 2327900.875085226}
INFO -  Submission mean epochs: 2342486.0000
INFO -  Submission mean epochs faster than RCP mean but within max speedup range. Score should be normalized by factor of 2443933.5384615385 / 2342486.0 = 1.043307639175448
INFO -  Results scaling set to normalization factor of 1.0433
INFO - RCP Test Passed: RCP Interpolation
INFO - ------------------------------
INFO - ------------------------------
INFO -  Running compliance checks in dir ./results/G593-SD0_pytorch/rnnt
INFO -  System G593-SD0_pytorch
INFO -  Benchmark rnnt
INFO - ------------------------------
WARNING - Detected 11 total files in directory ./results/G593-SD0_pytorch/rnnt, but some do not conform to naming convention, should you rename them to result_*.txt ?
WARNING - Unknown files in result directory: ./results/G593-SD0_pytorch/rnnt
INFO - ------------------------------
INFO - Run 1/10
INFO - Running compliance on file: ./results/G593-SD0_pytorch/rnnt/result_0.txt
INFO -  Compliance checks: training_3.0.0/common.yaml
INFO -  Compliance checks: training_3.0.0/closed_common.yaml
INFO -  Compliance checks: training_3.0.0/closed_rnnt.yaml
INFO - ------------------------------
INFO - Run 2/10
INFO - Running compliance on file: ./results/G593-SD0_pytorch/rnnt/result_1.txt
INFO -  Compliance checks: training_3.0.0/common.yaml
INFO -  Compliance checks: training_3.0.0/closed_common.yaml
INFO -  Compliance checks: training_3.0.0/closed_rnnt.yaml
INFO - ------------------------------
INFO - Run 3/10
INFO - Running compliance on file: ./results/G593-SD0_pytorch/rnnt/result_2.txt
INFO -  Compliance checks: training_3.0.0/common.yaml
INFO -  Compliance checks: training_3.0.0/closed_common.yaml
INFO -  Compliance checks: training_3.0.0/closed_rnnt.yaml
INFO - ------------------------------
INFO - Run 4/10
INFO - Running compliance on file: ./results/G593-SD0_pytorch/rnnt/result_3.txt
INFO -  Compliance checks: training_3.0.0/common.yaml
INFO -  Compliance checks: training_3.0.0/closed_common.yaml
INFO -  Compliance checks: training_3.0.0/closed_rnnt.yaml
INFO - ------------------------------
INFO - Run 5/10
INFO - Running compliance on file: ./results/G593-SD0_pytorch/rnnt/result_4.txt
INFO -  Compliance checks: training_3.0.0/common.yaml
INFO -  Compliance checks: training_3.0.0/closed_common.yaml
INFO -  Compliance checks: training_3.0.0/closed_rnnt.yaml
INFO - ------------------------------
INFO - Run 6/10
INFO - Running compliance on file: ./results/G593-SD0_pytorch/rnnt/result_5.txt
INFO -  Compliance checks: training_3.0.0/common.yaml
INFO -  Compliance checks: training_3.0.0/closed_common.yaml
INFO -  Compliance checks: training_3.0.0/closed_rnnt.yaml
INFO - ------------------------------
INFO - Run 7/10
INFO - Running compliance on file: ./results/G593-SD0_pytorch/rnnt/result_6.txt
INFO -  Compliance checks: training_3.0.0/common.yaml
INFO -  Compliance checks: training_3.0.0/closed_common.yaml
INFO -  Compliance checks: training_3.0.0/closed_rnnt.yaml
INFO - ------------------------------
INFO - Run 8/10
INFO - Running compliance on file: ./results/G593-SD0_pytorch/rnnt/result_7.txt
INFO -  Compliance checks: training_3.0.0/common.yaml
INFO -  Compliance checks: training_3.0.0/closed_common.yaml
INFO -  Compliance checks: training_3.0.0/closed_rnnt.yaml
INFO - ------------------------------
INFO - Run 9/10
INFO - Running compliance on file: ./results/G593-SD0_pytorch/rnnt/result_8.txt
INFO -  Compliance checks: training_3.0.0/common.yaml
INFO -  Compliance checks: training_3.0.0/closed_common.yaml
INFO -  Compliance checks: training_3.0.0/closed_rnnt.yaml
INFO - ------------------------------
INFO - Run 10/10
INFO - Running compliance on file: ./results/G593-SD0_pytorch/rnnt/result_9.txt
INFO -  Compliance checks: training_3.0.0/common.yaml
INFO -  Compliance checks: training_3.0.0/closed_common.yaml
INFO -  Compliance checks: training_3.0.0/closed_rnnt.yaml
INFO - ------------------------------
INFO -  Running Seed Checker
INFO - ------------------------------
INFO -  Running RCP Checker, pass: pruned_rcps
INFO - ------------------------------
INFO -  RCP Record: {'Benchmark': 'rnnt', 'BS': 1536, 'Hyperparams': {'opt_base_learning_rate': 0.0072, 'opt_lamb_learning_rate_hold_epochs': 26, 'opt_lamb_learning_rate_decay_poly_power': 0.92, 'opt_learning_rate_warmup_epochs': 5, 'opt_weight_decay': 0.001, 'opt_lamb_beta_1': 0.9, 'opt_lamb_beta_2': 0.999, 'opt_lamb_learning_rate_min': 1e-05, 'opt_gradient_clip_norm': 1.0, 'opt_gradient_accumulation_steps': 4, 'model_eva_ema_factor': 0.995, 'model_weights_initialization_scale': 0.5, 'data_train_num_buckets': 1}, 'Epochs to converge': [46, 46, 47, 47, 47, 47, 48, 48, 49, 49, 49, 49, 50, 50, 50, 50, 51, 51, 52, 52], 'RCP Mean': 48.888888888888886, 'RCP Stdev': 1.6292086998461313, 'Max Speedup': 1.024827668439257, 'Min Epochs': 47.70449744330512}
INFO -  Submission mean epochs: 48.5000
INFO -  Submission mean epochs faster than RCP mean but within max speedup range. Score should be normalized by factor of 48.888888888888886 / 48.5 = 1.0080183276059564
INFO -  Results scaling set to normalization factor of 1.0080
INFO - RCP Test Passed: RCP found
INFO - ------------------------------
INFO - ------------------------------
INFO -  Running compliance checks in dir ./results/G593-SD0_pytorch/maskrcnn
INFO -  System G593-SD0_pytorch
INFO -  Benchmark maskrcnn
INFO - ------------------------------
INFO - ------------------------------
INFO - Run 1/5
INFO - Running compliance on file: ./results/G593-SD0_pytorch/maskrcnn/result_0.txt
INFO -  Compliance checks: training_3.0.0/common.yaml
INFO -  Compliance checks: training_3.0.0/closed_common.yaml
INFO -  Compliance checks: training_3.0.0/closed_maskrcnn.yaml
INFO - ------------------------------
INFO - Run 2/5
INFO - Running compliance on file: ./results/G593-SD0_pytorch/maskrcnn/result_1.txt
INFO -  Compliance checks: training_3.0.0/common.yaml
INFO -  Compliance checks: training_3.0.0/closed_common.yaml
INFO -  Compliance checks: training_3.0.0/closed_maskrcnn.yaml
INFO - ------------------------------
INFO - Run 3/5
INFO - Running compliance on file: ./results/G593-SD0_pytorch/maskrcnn/result_2.txt
INFO -  Compliance checks: training_3.0.0/common.yaml
INFO -  Compliance checks: training_3.0.0/closed_common.yaml
INFO -  Compliance checks: training_3.0.0/closed_maskrcnn.yaml
INFO - ------------------------------
INFO - Run 4/5
INFO - Running compliance on file: ./results/G593-SD0_pytorch/maskrcnn/result_3.txt
INFO -  Compliance checks: training_3.0.0/common.yaml
INFO -  Compliance checks: training_3.0.0/closed_common.yaml
INFO -  Compliance checks: training_3.0.0/closed_maskrcnn.yaml
INFO - ------------------------------
INFO - Run 5/5
INFO - Running compliance on file: ./results/G593-SD0_pytorch/maskrcnn/result_4.txt
INFO -  Compliance checks: training_3.0.0/common.yaml
INFO -  Compliance checks: training_3.0.0/closed_common.yaml
INFO -  Compliance checks: training_3.0.0/closed_maskrcnn.yaml
INFO - ------------------------------
INFO -  Running Seed Checker
INFO - ------------------------------
INFO -  Running RCP Checker, pass: pruned_rcps
INFO - ------------------------------
INFO -  RCP Record: {'Benchmark': 'maskrcnn', 'BS': 96, 'Hyperparams': {}, 'Epochs to converge': [], 'RCP Mean': 13.666666666666666, 'RCP Stdev': 0.11547005383792514, 'Max Speedup': 1.0100895673064882, 'Min Epochs': 13.530153274536133}
INFO -  Submission mean epochs: 14.0000
INFO - RCP Test Passed: RCP Interpolation
INFO - ------------------------------
INFO - ------------------------------
INFO -  Running compliance checks in dir ./results/G593-SD0_pytorch/ssd
INFO -  System G593-SD0_pytorch
INFO -  Benchmark ssd
INFO - ------------------------------
INFO - ------------------------------
INFO - Run 1/5
INFO - Running compliance on file: ./results/G593-SD0_pytorch/ssd/result_0.txt
INFO -  Compliance checks: training_3.0.0/common.yaml
INFO -  Compliance checks: training_3.0.0/closed_common.yaml
INFO -  Compliance checks: training_3.0.0/closed_ssd.yaml
INFO - ------------------------------
INFO - Run 2/5
INFO - Running compliance on file: ./results/G593-SD0_pytorch/ssd/result_1.txt
INFO -  Compliance checks: training_3.0.0/common.yaml
INFO -  Compliance checks: training_3.0.0/closed_common.yaml
INFO -  Compliance checks: training_3.0.0/closed_ssd.yaml
INFO - ------------------------------
INFO - Run 3/5
INFO - Running compliance on file: ./results/G593-SD0_pytorch/ssd/result_2.txt
INFO -  Compliance checks: training_3.0.0/common.yaml
INFO -  Compliance checks: training_3.0.0/closed_common.yaml
INFO -  Compliance checks: training_3.0.0/closed_ssd.yaml
INFO - ------------------------------
INFO - Run 4/5
INFO - Running compliance on file: ./results/G593-SD0_pytorch/ssd/result_3.txt
INFO -  Compliance checks: training_3.0.0/common.yaml
INFO -  Compliance checks: training_3.0.0/closed_common.yaml
INFO -  Compliance checks: training_3.0.0/closed_ssd.yaml
INFO - ------------------------------
INFO - Run 5/5
INFO - Running compliance on file: ./results/G593-SD0_pytorch/ssd/result_4.txt
INFO -  Compliance checks: training_3.0.0/common.yaml
INFO -  Compliance checks: training_3.0.0/closed_common.yaml
INFO -  Compliance checks: training_3.0.0/closed_ssd.yaml
INFO - ------------------------------
INFO -  Running Seed Checker
INFO - ------------------------------
INFO -  Running RCP Checker, pass: pruned_rcps
INFO - ------------------------------
INFO -  RCP Record: {'Benchmark': 'ssd', 'BS': 256, 'Hyperparams': {'opt_base_learning_rate': 0.0001, 'opt_learning_rate_warmup_factor': 0.001, 'opt_learning_rate_warmup_epochs': 1, 'opt_weight_decay': 0}, 'Epochs to converge': [4, 4, 4, 4, 4, 4, 4, 4, 4, 4, 4, 4, 4, 4, 4, 4, 4, 4, 4, 4], 'RCP Mean': 4.0, 'RCP Stdev': 0.0, 'Max Speedup': 1.0, 'Min Epochs': 4.0}
INFO -  Submission mean epochs: 4.0000
INFO - RCP Test Passed: RCP found
INFO - ------------------------------
INFO - ------------------------------
INFO -  Running compliance checks in dir ./results/G593-SD0_mxnet/unet3d
INFO -  System G593-SD0_mxnet
INFO -  Benchmark unet3d
INFO - ------------------------------
INFO - ------------------------------
INFO - Run 1/40
INFO - Running compliance on file: ./results/G593-SD0_mxnet/unet3d/result_0.txt
INFO -  Compliance checks: training_3.0.0/common.yaml
INFO -  Compliance checks: training_3.0.0/closed_common.yaml
INFO -  Compliance checks: training_3.0.0/closed_unet3d.yaml
INFO - ------------------------------
INFO - Run 2/40
INFO - Running compliance on file: ./results/G593-SD0_mxnet/unet3d/result_1.txt
INFO -  Compliance checks: training_3.0.0/common.yaml
INFO -  Compliance checks: training_3.0.0/closed_common.yaml
INFO -  Compliance checks: training_3.0.0/closed_unet3d.yaml
INFO - ------------------------------
INFO - Run 3/40
INFO - Running compliance on file: ./results/G593-SD0_mxnet/unet3d/result_10.txt
INFO -  Compliance checks: training_3.0.0/common.yaml
INFO -  Compliance checks: training_3.0.0/closed_common.yaml
INFO -  Compliance checks: training_3.0.0/closed_unet3d.yaml
INFO - ------------------------------
INFO - Run 4/40
INFO - Running compliance on file: ./results/G593-SD0_mxnet/unet3d/result_11.txt
INFO -  Compliance checks: training_3.0.0/common.yaml
INFO -  Compliance checks: training_3.0.0/closed_common.yaml
INFO -  Compliance checks: training_3.0.0/closed_unet3d.yaml
INFO - ------------------------------
INFO - Run 5/40
INFO - Running compliance on file: ./results/G593-SD0_mxnet/unet3d/result_12.txt
INFO -  Compliance checks: training_3.0.0/common.yaml
INFO -  Compliance checks: training_3.0.0/closed_common.yaml
INFO -  Compliance checks: training_3.0.0/closed_unet3d.yaml
INFO - ------------------------------
INFO - Run 6/40
INFO - Running compliance on file: ./results/G593-SD0_mxnet/unet3d/result_13.txt
INFO -  Compliance checks: training_3.0.0/common.yaml
INFO -  Compliance checks: training_3.0.0/closed_common.yaml
INFO -  Compliance checks: training_3.0.0/closed_unet3d.yaml
INFO - ------------------------------
INFO - Run 7/40
INFO - Running compliance on file: ./results/G593-SD0_mxnet/unet3d/result_14.txt
INFO -  Compliance checks: training_3.0.0/common.yaml
INFO -  Compliance checks: training_3.0.0/closed_common.yaml
INFO -  Compliance checks: training_3.0.0/closed_unet3d.yaml
INFO - ------------------------------
INFO - Run 8/40
INFO - Running compliance on file: ./results/G593-SD0_mxnet/unet3d/result_15.txt
INFO -  Compliance checks: training_3.0.0/common.yaml
INFO -  Compliance checks: training_3.0.0/closed_common.yaml
INFO -  Compliance checks: training_3.0.0/closed_unet3d.yaml
INFO - ------------------------------
INFO - Run 9/40
INFO - Running compliance on file: ./results/G593-SD0_mxnet/unet3d/result_16.txt
INFO -  Compliance checks: training_3.0.0/common.yaml
INFO -  Compliance checks: training_3.0.0/closed_common.yaml
INFO -  Compliance checks: training_3.0.0/closed_unet3d.yaml
INFO - ------------------------------
INFO - Run 10/40
INFO - Running compliance on file: ./results/G593-SD0_mxnet/unet3d/result_17.txt
INFO -  Compliance checks: training_3.0.0/common.yaml
INFO -  Compliance checks: training_3.0.0/closed_common.yaml
INFO -  Compliance checks: training_3.0.0/closed_unet3d.yaml
INFO - ------------------------------
INFO - Run 11/40
INFO - Running compliance on file: ./results/G593-SD0_mxnet/unet3d/result_18.txt
INFO -  Compliance checks: training_3.0.0/common.yaml
INFO -  Compliance checks: training_3.0.0/closed_common.yaml
INFO -  Compliance checks: training_3.0.0/closed_unet3d.yaml
INFO - ------------------------------
INFO - Run 12/40
INFO - Running compliance on file: ./results/G593-SD0_mxnet/unet3d/result_19.txt
INFO -  Compliance checks: training_3.0.0/common.yaml
INFO -  Compliance checks: training_3.0.0/closed_common.yaml
INFO -  Compliance checks: training_3.0.0/closed_unet3d.yaml
INFO - ------------------------------
INFO - Run 13/40
INFO - Running compliance on file: ./results/G593-SD0_mxnet/unet3d/result_2.txt
INFO -  Compliance checks: training_3.0.0/common.yaml
INFO -  Compliance checks: training_3.0.0/closed_common.yaml
INFO -  Compliance checks: training_3.0.0/closed_unet3d.yaml
INFO - ------------------------------
INFO - Run 14/40
INFO - Running compliance on file: ./results/G593-SD0_mxnet/unet3d/result_20.txt
INFO -  Compliance checks: training_3.0.0/common.yaml
INFO -  Compliance checks: training_3.0.0/closed_common.yaml
INFO -  Compliance checks: training_3.0.0/closed_unet3d.yaml
INFO - ------------------------------
INFO - Run 15/40
INFO - Running compliance on file: ./results/G593-SD0_mxnet/unet3d/result_21.txt
INFO -  Compliance checks: training_3.0.0/common.yaml
INFO -  Compliance checks: training_3.0.0/closed_common.yaml
INFO -  Compliance checks: training_3.0.0/closed_unet3d.yaml
INFO - ------------------------------
INFO - Run 16/40
INFO - Running compliance on file: ./results/G593-SD0_mxnet/unet3d/result_22.txt
INFO -  Compliance checks: training_3.0.0/common.yaml
INFO -  Compliance checks: training_3.0.0/closed_common.yaml
INFO -  Compliance checks: training_3.0.0/closed_unet3d.yaml
INFO - ------------------------------
INFO - Run 17/40
INFO - Running compliance on file: ./results/G593-SD0_mxnet/unet3d/result_23.txt
INFO -  Compliance checks: training_3.0.0/common.yaml
INFO -  Compliance checks: training_3.0.0/closed_common.yaml
INFO -  Compliance checks: training_3.0.0/closed_unet3d.yaml
INFO - ------------------------------
INFO - Run 18/40
INFO - Running compliance on file: ./results/G593-SD0_mxnet/unet3d/result_24.txt
INFO -  Compliance checks: training_3.0.0/common.yaml
INFO -  Compliance checks: training_3.0.0/closed_common.yaml
INFO -  Compliance checks: training_3.0.0/closed_unet3d.yaml
INFO - ------------------------------
INFO - Run 19/40
INFO - Running compliance on file: ./results/G593-SD0_mxnet/unet3d/result_25.txt
INFO -  Compliance checks: training_3.0.0/common.yaml
INFO -  Compliance checks: training_3.0.0/closed_common.yaml
INFO -  Compliance checks: training_3.0.0/closed_unet3d.yaml
INFO - ------------------------------
INFO - Run 20/40
INFO - Running compliance on file: ./results/G593-SD0_mxnet/unet3d/result_26.txt
INFO -  Compliance checks: training_3.0.0/common.yaml
INFO -  Compliance checks: training_3.0.0/closed_common.yaml
INFO -  Compliance checks: training_3.0.0/closed_unet3d.yaml
INFO - ------------------------------
INFO - Run 21/40
INFO - Running compliance on file: ./results/G593-SD0_mxnet/unet3d/result_27.txt
INFO -  Compliance checks: training_3.0.0/common.yaml
INFO -  Compliance checks: training_3.0.0/closed_common.yaml
INFO -  Compliance checks: training_3.0.0/closed_unet3d.yaml
INFO - ------------------------------
INFO - Run 22/40
INFO - Running compliance on file: ./results/G593-SD0_mxnet/unet3d/result_28.txt
INFO -  Compliance checks: training_3.0.0/common.yaml
INFO -  Compliance checks: training_3.0.0/closed_common.yaml
INFO -  Compliance checks: training_3.0.0/closed_unet3d.yaml
INFO - ------------------------------
INFO - Run 23/40
INFO - Running compliance on file: ./results/G593-SD0_mxnet/unet3d/result_29.txt
INFO -  Compliance checks: training_3.0.0/common.yaml
INFO -  Compliance checks: training_3.0.0/closed_common.yaml
INFO -  Compliance checks: training_3.0.0/closed_unet3d.yaml
INFO - ------------------------------
INFO - Run 24/40
INFO - Running compliance on file: ./results/G593-SD0_mxnet/unet3d/result_3.txt
INFO -  Compliance checks: training_3.0.0/common.yaml
INFO -  Compliance checks: training_3.0.0/closed_common.yaml
INFO -  Compliance checks: training_3.0.0/closed_unet3d.yaml
INFO - ------------------------------
INFO - Run 25/40
INFO - Running compliance on file: ./results/G593-SD0_mxnet/unet3d/result_30.txt
INFO -  Compliance checks: training_3.0.0/common.yaml
INFO -  Compliance checks: training_3.0.0/closed_common.yaml
INFO -  Compliance checks: training_3.0.0/closed_unet3d.yaml
INFO - ------------------------------
INFO - Run 26/40
INFO - Running compliance on file: ./results/G593-SD0_mxnet/unet3d/result_31.txt
INFO -  Compliance checks: training_3.0.0/common.yaml
INFO -  Compliance checks: training_3.0.0/closed_common.yaml
INFO -  Compliance checks: training_3.0.0/closed_unet3d.yaml
INFO - ------------------------------
INFO - Run 27/40
INFO - Running compliance on file: ./results/G593-SD0_mxnet/unet3d/result_32.txt
INFO -  Compliance checks: training_3.0.0/common.yaml
INFO -  Compliance checks: training_3.0.0/closed_common.yaml
INFO -  Compliance checks: training_3.0.0/closed_unet3d.yaml
INFO - ------------------------------
INFO - Run 28/40
INFO - Running compliance on file: ./results/G593-SD0_mxnet/unet3d/result_33.txt
INFO -  Compliance checks: training_3.0.0/common.yaml
INFO -  Compliance checks: training_3.0.0/closed_common.yaml
INFO -  Compliance checks: training_3.0.0/closed_unet3d.yaml
INFO - ------------------------------
INFO - Run 29/40
INFO - Running compliance on file: ./results/G593-SD0_mxnet/unet3d/result_34.txt
INFO -  Compliance checks: training_3.0.0/common.yaml
INFO -  Compliance checks: training_3.0.0/closed_common.yaml
INFO -  Compliance checks: training_3.0.0/closed_unet3d.yaml
INFO - ------------------------------
INFO - Run 30/40
INFO - Running compliance on file: ./results/G593-SD0_mxnet/unet3d/result_35.txt
INFO -  Compliance checks: training_3.0.0/common.yaml
INFO -  Compliance checks: training_3.0.0/closed_common.yaml
INFO -  Compliance checks: training_3.0.0/closed_unet3d.yaml
INFO - ------------------------------
INFO - Run 31/40
INFO - Running compliance on file: ./results/G593-SD0_mxnet/unet3d/result_36.txt
INFO -  Compliance checks: training_3.0.0/common.yaml
INFO -  Compliance checks: training_3.0.0/closed_common.yaml
INFO -  Compliance checks: training_3.0.0/closed_unet3d.yaml
INFO - ------------------------------
INFO - Run 32/40
INFO - Running compliance on file: ./results/G593-SD0_mxnet/unet3d/result_37.txt
INFO -  Compliance checks: training_3.0.0/common.yaml
INFO -  Compliance checks: training_3.0.0/closed_common.yaml
INFO -  Compliance checks: training_3.0.0/closed_unet3d.yaml
INFO - ------------------------------
INFO - Run 33/40
INFO - Running compliance on file: ./results/G593-SD0_mxnet/unet3d/result_38.txt
INFO -  Compliance checks: training_3.0.0/common.yaml
INFO -  Compliance checks: training_3.0.0/closed_common.yaml
INFO -  Compliance checks: training_3.0.0/closed_unet3d.yaml
INFO - ------------------------------
INFO - Run 34/40
INFO - Running compliance on file: ./results/G593-SD0_mxnet/unet3d/result_39.txt
INFO -  Compliance checks: training_3.0.0/common.yaml
INFO -  Compliance checks: training_3.0.0/closed_common.yaml
INFO -  Compliance checks: training_3.0.0/closed_unet3d.yaml
INFO - ------------------------------
INFO - Run 35/40
INFO - Running compliance on file: ./results/G593-SD0_mxnet/unet3d/result_4.txt
INFO -  Compliance checks: training_3.0.0/common.yaml
INFO -  Compliance checks: training_3.0.0/closed_common.yaml
INFO -  Compliance checks: training_3.0.0/closed_unet3d.yaml
INFO - ------------------------------
INFO - Run 36/40
INFO - Running compliance on file: ./results/G593-SD0_mxnet/unet3d/result_5.txt
INFO -  Compliance checks: training_3.0.0/common.yaml
INFO -  Compliance checks: training_3.0.0/closed_common.yaml
INFO -  Compliance checks: training_3.0.0/closed_unet3d.yaml
INFO - ------------------------------
INFO - Run 37/40
INFO - Running compliance on file: ./results/G593-SD0_mxnet/unet3d/result_6.txt
INFO -  Compliance checks: training_3.0.0/common.yaml
INFO -  Compliance checks: training_3.0.0/closed_common.yaml
INFO -  Compliance checks: training_3.0.0/closed_unet3d.yaml
INFO - ------------------------------
INFO - Run 38/40
INFO - Running compliance on file: ./results/G593-SD0_mxnet/unet3d/result_7.txt
INFO -  Compliance checks: training_3.0.0/common.yaml
INFO -  Compliance checks: training_3.0.0/closed_common.yaml
INFO -  Compliance checks: training_3.0.0/closed_unet3d.yaml
INFO - ------------------------------
INFO - Run 39/40
INFO - Running compliance on file: ./results/G593-SD0_mxnet/unet3d/result_8.txt
INFO -  Compliance checks: training_3.0.0/common.yaml
INFO -  Compliance checks: training_3.0.0/closed_common.yaml
INFO -  Compliance checks: training_3.0.0/closed_unet3d.yaml
INFO - ------------------------------
INFO - Run 40/40
INFO - Running compliance on file: ./results/G593-SD0_mxnet/unet3d/result_9.txt
INFO -  Compliance checks: training_3.0.0/common.yaml
INFO -  Compliance checks: training_3.0.0/closed_common.yaml
INFO -  Compliance checks: training_3.0.0/closed_unet3d.yaml
INFO - ------------------------------
INFO -  Running Seed Checker
INFO - ------------------------------
INFO -  Running RCP Checker, pass: pruned_rcps
INFO - ------------------------------
INFO -  RCP Record: {'Benchmark': 'unet3d', 'BS': 80, 'Hyperparams': {'opt_base_learning_rate': 1.5, 'opt_momentum': 0.9, 'opt_learning_rate_warmup_epochs': 1000, 'opt_initial_learning_rate': 0.0001, 'opt_learning_rate_decay_boundary_epochs': [], 'opt_learning_rate_decay_factor': 1.0, 'opt_weight_decay': 0.0}, 'Epochs to converge': [1148, 1148, 1162, 1176, 1260, 1274, 1288, 1288, 1302, 1302, 1330, 1330, 1344, 1344, 1344, 1372, 1372, 1372, 1386, 1400, 1400, 1400, 1414, 1428, 1428, 1442, 1442, 1456, 1470, 1470, 1484, 1484, 1484, 1498, 1498, 1512, 1512, 1540, 1540, 1540, 1540, 1540, 1582, 1582, 1582, 1582, 1596, 1680, 1680, 1694, 1694, 1708, 1708, 1708, 1736, 1764, 1792, 1792, 1806, 1820, 1834, 1848, 1862, 1862, 1862, 1876, 1918, 1918, 1960, 1988, 2002, 2002, 2002, 2016, 2086, 2100, 2226, 2226, 2450, 2492], 'RCP Mean': 1603.7777777777778, 'RCP Stdev': 231.29311743508387, 'Max Speedup': 1.050393870717319, 'Min Epochs': 1526.8346688681174}
INFO -  Submission mean epochs: 2001.8750
INFO - RCP Test Passed: RCP not found but slower convergence on smaller batch size
INFO - ------------------------------
INFO - ------------------------------
INFO -  Running compliance checks in dir ./results/G593-SD0_mxnet/resnet
INFO -  System G593-SD0_mxnet
INFO -  Benchmark resnet
INFO - ------------------------------
WARNING - Detected 6 total files in directory ./results/G593-SD0_mxnet/resnet, but some do not conform to naming convention, should you rename them to result_*.txt ?
WARNING - Unknown files in result directory: ./results/G593-SD0_mxnet/resnet
INFO - ------------------------------
INFO - Run 1/5
INFO - Running compliance on file: ./results/G593-SD0_mxnet/resnet/result_0.txt
INFO -  Compliance checks: training_3.0.0/common.yaml
INFO -  Compliance checks: training_3.0.0/closed_common.yaml
INFO -  Compliance checks: training_3.0.0/closed_resnet.yaml
INFO -  Compliance checks: training_3.0.0/closed_resnet_lars.yaml
INFO - ------------------------------
INFO - Run 2/5
INFO - Running compliance on file: ./results/G593-SD0_mxnet/resnet/result_1.txt
INFO -  Compliance checks: training_3.0.0/common.yaml
INFO -  Compliance checks: training_3.0.0/closed_common.yaml
INFO -  Compliance checks: training_3.0.0/closed_resnet.yaml
INFO -  Compliance checks: training_3.0.0/closed_resnet_lars.yaml
INFO - ------------------------------
INFO - Run 3/5
INFO - Running compliance on file: ./results/G593-SD0_mxnet/resnet/result_2.txt
INFO -  Compliance checks: training_3.0.0/common.yaml
INFO -  Compliance checks: training_3.0.0/closed_common.yaml
INFO -  Compliance checks: training_3.0.0/closed_resnet.yaml
INFO -  Compliance checks: training_3.0.0/closed_resnet_lars.yaml
INFO - ------------------------------
INFO - Run 4/5
INFO - Running compliance on file: ./results/G593-SD0_mxnet/resnet/result_3.txt
INFO -  Compliance checks: training_3.0.0/common.yaml
INFO -  Compliance checks: training_3.0.0/closed_common.yaml
INFO -  Compliance checks: training_3.0.0/closed_resnet.yaml
INFO -  Compliance checks: training_3.0.0/closed_resnet_lars.yaml
INFO - ------------------------------
INFO - Run 5/5
INFO - Running compliance on file: ./results/G593-SD0_mxnet/resnet/result_4.txt
INFO -  Compliance checks: training_3.0.0/common.yaml
INFO -  Compliance checks: training_3.0.0/closed_common.yaml
INFO -  Compliance checks: training_3.0.0/closed_resnet.yaml
INFO -  Compliance checks: training_3.0.0/closed_resnet_lars.yaml
INFO - ------------------------------
INFO -  Running Seed Checker
INFO - ------------------------------
INFO -  Running RCP Checker, pass: pruned_rcps
INFO - ------------------------------
INFO -  RCP Record: {'Benchmark': 'resnet', 'BS': 3200, 'Hyperparams': {}, 'Epochs to converge': [], 'RCP Mean': 35.14781297134238, 'RCP Stdev': 0.5471147288831038, 'Max Speedup': 1.018748075108887, 'Min Epochs': 34.50098589642554}
INFO -  Submission mean epochs: 35.0000
INFO -  Submission mean epochs faster than RCP mean but within max speedup range. Score should be normalized by factor of 35.14781297134238 / 35.0 = 1.0042232277526395
INFO -  Results scaling set to normalization factor of 1.0042
INFO - RCP Test Passed: RCP Interpolation
INFO - ------------------------------
INFO - ------------------------------
INFO - PACKAGE CHECKER FOUND NO ERRORS, SUCCESS !
INFO - ------------------------------
