INFO - Running compliance on file: /results/230516211339670666882_1.log
INFO -  Compliance checks: training_2.1.0/common.yaml
INFO -  Compliance checks: training_2.1.0/closed_common.yaml
INFO -  Compliance checks: training_2.1.0/closed_bert.yaml
INFO - SUCCESS
INFO - Running compliance on file: /results/230516211339670666882_2.log
INFO -  Compliance checks: training_2.1.0/common.yaml
INFO -  Compliance checks: training_2.1.0/closed_common.yaml
INFO -  Compliance checks: training_2.1.0/closed_bert.yaml
INFO - SUCCESS
INFO - Running compliance on file: /results/230516211339670666882_3.log
INFO -  Compliance checks: training_2.1.0/common.yaml
INFO -  Compliance checks: training_2.1.0/closed_common.yaml
INFO -  Compliance checks: training_2.1.0/closed_bert.yaml
INFO - SUCCESS
INFO - Running compliance on file: /results/230516211339670666882_4.log
INFO -  Compliance checks: training_2.1.0/common.yaml
INFO -  Compliance checks: training_2.1.0/closed_common.yaml
INFO -  Compliance checks: training_2.1.0/closed_bert.yaml
INFO - SUCCESS
INFO - Running compliance on file: /results/230516211339670666882_5.log
INFO -  Compliance checks: training_2.1.0/common.yaml
INFO -  Compliance checks: training_2.1.0/closed_common.yaml
INFO -  Compliance checks: training_2.1.0/closed_bert.yaml
INFO - SUCCESS
INFO - Running compliance on file: /results/230516211339670666882_6.log
INFO -  Compliance checks: training_2.1.0/common.yaml
INFO -  Compliance checks: training_2.1.0/closed_common.yaml
INFO -  Compliance checks: training_2.1.0/closed_bert.yaml
INFO - SUCCESS
INFO - Running compliance on file: /results/230516211339670666882_7.log
INFO -  Compliance checks: training_2.1.0/common.yaml
INFO -  Compliance checks: training_2.1.0/closed_common.yaml
INFO -  Compliance checks: training_2.1.0/closed_bert.yaml
INFO - SUCCESS
INFO - Running compliance on file: /results/230516211339670666882_8.log
INFO -  Compliance checks: training_2.1.0/common.yaml
INFO -  Compliance checks: training_2.1.0/closed_common.yaml
INFO -  Compliance checks: training_2.1.0/closed_bert.yaml
INFO - SUCCESS
INFO - Running compliance on file: /results/230516211339670666882_9.log
INFO -  Compliance checks: training_2.1.0/common.yaml
INFO -  Compliance checks: training_2.1.0/closed_common.yaml
INFO -  Compliance checks: training_2.1.0/closed_bert.yaml
INFO - SUCCESS
INFO - Running compliance on file: /results/230516211339670666882_10.log
INFO -  Compliance checks: training_2.1.0/common.yaml
INFO -  Compliance checks: training_2.1.0/closed_common.yaml
INFO -  Compliance checks: training_2.1.0/closed_bert.yaml
INFO - SUCCESS
