INFO - Running compliance on file: /results/230502223405075002263_1.log
INFO -  Compliance checks: training_2.1.0/common.yaml
INFO -  Compliance checks: training_2.1.0/closed_common.yaml
INFO -  Compliance checks: training_2.1.0/closed_resnet.yaml
INFO -  Compliance checks: training_2.1.0/closed_resnet_lars.yaml
INFO - SUCCESS
INFO - Running compliance on file: /results/230502223405075002263_2.log
INFO -  Compliance checks: training_2.1.0/common.yaml
INFO -  Compliance checks: training_2.1.0/closed_common.yaml
INFO -  Compliance checks: training_2.1.0/closed_resnet.yaml
INFO -  Compliance checks: training_2.1.0/closed_resnet_lars.yaml
INFO - SUCCESS
INFO - Running compliance on file: /results/230502223405075002263_3.log
INFO -  Compliance checks: training_2.1.0/common.yaml
INFO -  Compliance checks: training_2.1.0/closed_common.yaml
INFO -  Compliance checks: training_2.1.0/closed_resnet.yaml
INFO -  Compliance checks: training_2.1.0/closed_resnet_lars.yaml
INFO - SUCCESS
INFO - Running compliance on file: /results/230502223405075002263_4.log
INFO -  Compliance checks: training_2.1.0/common.yaml
INFO -  Compliance checks: training_2.1.0/closed_common.yaml
INFO -  Compliance checks: training_2.1.0/closed_resnet.yaml
INFO -  Compliance checks: training_2.1.0/closed_resnet_lars.yaml
INFO - SUCCESS
INFO - Running compliance on file: /results/230502223405075002263_5.log
INFO -  Compliance checks: training_2.1.0/common.yaml
INFO -  Compliance checks: training_2.1.0/closed_common.yaml
INFO -  Compliance checks: training_2.1.0/closed_resnet.yaml
INFO -  Compliance checks: training_2.1.0/closed_resnet_lars.yaml
INFO - SUCCESS
