INFO - Running compliance on file: /results/230510203200506277342_1.log
INFO -  Compliance checks: training_2.1.0/common.yaml
INFO -  Compliance checks: training_2.1.0/closed_common.yaml
INFO -  Compliance checks: training_2.1.0/closed_rnnt.yaml
INFO - SUCCESS
INFO - Running compliance on file: /results/230510203200506277342_2.log
INFO -  Compliance checks: training_2.1.0/common.yaml
INFO -  Compliance checks: training_2.1.0/closed_common.yaml
INFO -  Compliance checks: training_2.1.0/closed_rnnt.yaml
INFO - SUCCESS
INFO - Running compliance on file: /results/230510203200506277342_3.log
INFO -  Compliance checks: training_2.1.0/common.yaml
INFO -  Compliance checks: training_2.1.0/closed_common.yaml
INFO -  Compliance checks: training_2.1.0/closed_rnnt.yaml
INFO - SUCCESS
INFO - Running compliance on file: /results/230510203200506277342_4.log
INFO -  Compliance checks: training_2.1.0/common.yaml
INFO -  Compliance checks: training_2.1.0/closed_common.yaml
INFO -  Compliance checks: training_2.1.0/closed_rnnt.yaml
INFO - SUCCESS
INFO - Running compliance on file: /results/230510203200506277342_5.log
INFO -  Compliance checks: training_2.1.0/common.yaml
INFO -  Compliance checks: training_2.1.0/closed_common.yaml
INFO -  Compliance checks: training_2.1.0/closed_rnnt.yaml
INFO - SUCCESS
INFO - Running compliance on file: /results/230510203200506277342_6.log
INFO -  Compliance checks: training_2.1.0/common.yaml
INFO -  Compliance checks: training_2.1.0/closed_common.yaml
INFO -  Compliance checks: training_2.1.0/closed_rnnt.yaml
INFO - SUCCESS
INFO - Running compliance on file: /results/230510203200506277342_7.log
INFO -  Compliance checks: training_2.1.0/common.yaml
INFO -  Compliance checks: training_2.1.0/closed_common.yaml
INFO -  Compliance checks: training_2.1.0/closed_rnnt.yaml
INFO - SUCCESS
INFO - Running compliance on file: /results/230510203200506277342_8.log
INFO -  Compliance checks: training_2.1.0/common.yaml
INFO -  Compliance checks: training_2.1.0/closed_common.yaml
INFO -  Compliance checks: training_2.1.0/closed_rnnt.yaml
INFO - SUCCESS
INFO - Running compliance on file: /results/230510203200506277342_9.log
INFO -  Compliance checks: training_2.1.0/common.yaml
INFO -  Compliance checks: training_2.1.0/closed_common.yaml
INFO -  Compliance checks: training_2.1.0/closed_rnnt.yaml
INFO - SUCCESS
INFO - Running compliance on file: /results/230510203200506277342_10.log
INFO -  Compliance checks: training_2.1.0/common.yaml
INFO -  Compliance checks: training_2.1.0/closed_common.yaml
INFO -  Compliance checks: training_2.1.0/closed_rnnt.yaml
INFO - SUCCESS
